{"/media/naughtymask/LinuxFile/Hacktiv8/p3/final-project/virtualweb-server/app.js": {"path":"/media/naughtymask/LinuxFile/Hacktiv8/p3/final-project/virtualweb-server/app.js","statementMap":{"0":{"start":{"line":1,"column":13},"end":{"line":1,"column":28}},"1":{"start":{"line":2,"column":16},"end":{"line":2,"column":34}},"2":{"start":{"line":3,"column":12},"end":{"line":3,"column":21}},"3":{"start":{"line":4,"column":15},"end":{"line":4,"column":40}},"4":{"start":{"line":5,"column":21},"end":{"line":5,"column":58}},"5":{"start":{"line":7,"column":0},"end":{"line":7,"column":15}},"6":{"start":{"line":8,"column":0},"end":{"line":8,"column":60}},"7":{"start":{"line":9,"column":0},"end":{"line":9,"column":38}},"8":{"start":{"line":10,"column":0},"end":{"line":10,"column":15}},"9":{"start":{"line":11,"column":0},"end":{"line":11,"column":21}},"10":{"start":{"line":13,"column":0},"end":{"line":13,"column":21}}},"fnMap":{},"branchMap":{},"s":{"0":5,"1":5,"2":5,"3":5,"4":5,"5":5,"6":5,"7":5,"8":5,"9":5,"10":5},"f":{},"b":{},"_coverageSchema":"1a1c01bbd47fc00a2c39e90264f33305004495a9","hash":"bd47a6e37ecaee442719a3b08d444a14e86cc833"}
,"/media/naughtymask/LinuxFile/Hacktiv8/p3/final-project/virtualweb-server/config/config.js": {"path":"/media/naughtymask/LinuxFile/Hacktiv8/p3/final-project/virtualweb-server/config/config.js","statementMap":{"0":{"start":{"line":1,"column":12},"end":{"line":1,"column":49}},"1":{"start":{"line":2,"column":22},"end":{"line":2,"column":39}},"2":{"start":{"line":4,"column":0},"end":{"line":4,"column":72}},"3":{"start":{"line":4,"column":45},"end":{"line":4,"column":72}},"4":{"start":{"line":6,"column":17},"end":{"line":6,"column":60}},"5":{"start":{"line":7,"column":17},"end":{"line":7,"column":60}},"6":{"start":{"line":8,"column":17},"end":{"line":8,"column":56}},"7":{"start":{"line":9,"column":13},"end":{"line":9,"column":52}},"8":{"start":{"line":10,"column":16},"end":{"line":10,"column":58}},"9":{"start":{"line":12,"column":0},"end":{"line":35,"column":1}}},"fnMap":{},"branchMap":{"0":{"loc":{"start":{"line":1,"column":12},"end":{"line":1,"column":49}},"type":"binary-expr","locations":[{"start":{"line":1,"column":12},"end":{"line":1,"column":32}},{"start":{"line":1,"column":36},"end":{"line":1,"column":49}}],"line":1},"1":{"loc":{"start":{"line":4,"column":0},"end":{"line":4,"column":72}},"type":"if","locations":[{"start":{"line":4,"column":0},"end":{"line":4,"column":72}},{"start":{"line":4,"column":0},"end":{"line":4,"column":72}}],"line":4},"2":{"loc":{"start":{"line":4,"column":4},"end":{"line":4,"column":43}},"type":"binary-expr","locations":[{"start":{"line":4,"column":4},"end":{"line":4,"column":25}},{"start":{"line":4,"column":29},"end":{"line":4,"column":43}}],"line":4}},"s":{"0":5,"1":5,"2":5,"3":5,"4":5,"5":5,"6":5,"7":5,"8":5,"9":5},"f":{},"b":{"0":[5,0],"1":[5,0],"2":[5,5]},"_coverageSchema":"1a1c01bbd47fc00a2c39e90264f33305004495a9","hash":"cc4b90e516e618217427b0be754fdad5f4cbc447"}
,"/media/naughtymask/LinuxFile/Hacktiv8/p3/final-project/virtualweb-server/controllers/CommentController.js": {"path":"/media/naughtymask/LinuxFile/Hacktiv8/p3/final-project/virtualweb-server/controllers/CommentController.js","statementMap":{"0":{"start":{"line":1,"column":20},"end":{"line":1,"column":40}},"1":{"start":{"line":5,"column":4},"end":{"line":14,"column":5}},"2":{"start":{"line":6,"column":35},"end":{"line":6,"column":45}},"3":{"start":{"line":7,"column":23},"end":{"line":10,"column":8}},"4":{"start":{"line":11,"column":6},"end":{"line":11,"column":36}},"5":{"start":{"line":13,"column":6},"end":{"line":13,"column":15}},"6":{"start":{"line":18,"column":4},"end":{"line":29,"column":5}},"7":{"start":{"line":19,"column":60},"end":{"line":19,"column":68}},"8":{"start":{"line":20,"column":22},"end":{"line":25,"column":8}},"9":{"start":{"line":26,"column":6},"end":{"line":26,"column":35}},"10":{"start":{"line":28,"column":6},"end":{"line":28,"column":15}},"11":{"start":{"line":34,"column":0},"end":{"line":34,"column":34}}},"fnMap":{"0":{"name":"(anonymous_0)","decl":{"start":{"line":4,"column":2},"end":{"line":4,"column":3}},"loc":{"start":{"line":4,"column":47},"end":{"line":15,"column":3}},"line":4},"1":{"name":"(anonymous_1)","decl":{"start":{"line":17,"column":2},"end":{"line":17,"column":3}},"loc":{"start":{"line":17,"column":39},"end":{"line":30,"column":3}},"line":17}},"branchMap":{"0":{"loc":{"start":{"line":21,"column":14},"end":{"line":21,"column":24}},"type":"binary-expr","locations":[{"start":{"line":21,"column":14},"end":{"line":21,"column":18}},{"start":{"line":21,"column":22},"end":{"line":21,"column":24}}],"line":21},"1":{"loc":{"start":{"line":22,"column":22},"end":{"line":22,"column":40}},"type":"binary-expr","locations":[{"start":{"line":22,"column":22},"end":{"line":22,"column":34}},{"start":{"line":22,"column":38},"end":{"line":22,"column":40}}],"line":22},"2":{"loc":{"start":{"line":23,"column":17},"end":{"line":23,"column":30}},"type":"binary-expr","locations":[{"start":{"line":23,"column":17},"end":{"line":23,"column":24}},{"start":{"line":23,"column":28},"end":{"line":23,"column":30}}],"line":23}},"s":{"0":5,"1":1,"2":1,"3":1,"4":1,"5":0,"6":2,"7":2,"8":2,"9":1,"10":1,"11":5},"f":{"0":1,"1":2},"b":{"0":[2,0],"1":[2,0],"2":[2,0]},"_coverageSchema":"1a1c01bbd47fc00a2c39e90264f33305004495a9","hash":"dbff1750843d0fa7095bbef74412e49ec6c149c3"}
,"/media/naughtymask/LinuxFile/Hacktiv8/p3/final-project/virtualweb-server/controllers/GuestController.js": {"path":"/media/naughtymask/LinuxFile/Hacktiv8/p3/final-project/virtualweb-server/controllers/GuestController.js","statementMap":{"0":{"start":{"line":1,"column":27},"end":{"line":1,"column":47}},"1":{"start":{"line":5,"column":4},"end":{"line":14,"column":5}},"2":{"start":{"line":6,"column":21},"end":{"line":6,"column":32}},"3":{"start":{"line":7,"column":21},"end":{"line":10,"column":8}},"4":{"start":{"line":11,"column":6},"end":{"line":11,"column":34}},"5":{"start":{"line":13,"column":6},"end":{"line":13,"column":15}},"6":{"start":{"line":18,"column":4},"end":{"line":24,"column":5}},"7":{"start":{"line":19,"column":21},"end":{"line":19,"column":31}},"8":{"start":{"line":20,"column":20},"end":{"line":20,"column":44}},"9":{"start":{"line":21,"column":6},"end":{"line":21,"column":33}},"10":{"start":{"line":23,"column":6},"end":{"line":23,"column":15}},"11":{"start":{"line":28,"column":4},"end":{"line":41,"column":5}},"12":{"start":{"line":29,"column":21},"end":{"line":29,"column":32}},"13":{"start":{"line":30,"column":51},"end":{"line":30,"column":59}},"14":{"start":{"line":31,"column":20},"end":{"line":37,"column":8}},"15":{"start":{"line":38,"column":6},"end":{"line":38,"column":33}},"16":{"start":{"line":40,"column":6},"end":{"line":40,"column":15}},"17":{"start":{"line":45,"column":4},"end":{"line":59,"column":5}},"18":{"start":{"line":46,"column":21},"end":{"line":46,"column":31}},"19":{"start":{"line":47,"column":43},"end":{"line":47,"column":51}},"20":{"start":{"line":48,"column":20},"end":{"line":55,"column":8}},"21":{"start":{"line":56,"column":6},"end":{"line":56,"column":39}},"22":{"start":{"line":58,"column":6},"end":{"line":58,"column":15}},"23":{"start":{"line":63,"column":4},"end":{"line":74,"column":5}},"24":{"start":{"line":64,"column":21},"end":{"line":64,"column":31}},"25":{"start":{"line":65,"column":20},"end":{"line":70,"column":8}},"26":{"start":{"line":71,"column":6},"end":{"line":71,"column":39}},"27":{"start":{"line":73,"column":6},"end":{"line":73,"column":15}},"28":{"start":{"line":78,"column":4},"end":{"line":84,"column":5}},"29":{"start":{"line":79,"column":21},"end":{"line":79,"column":31}},"30":{"start":{"line":80,"column":6},"end":{"line":80,"column":40}},"31":{"start":{"line":81,"column":6},"end":{"line":81,"column":64}},"32":{"start":{"line":83,"column":6},"end":{"line":83,"column":15}},"33":{"start":{"line":88,"column":0},"end":{"line":88,"column":32}}},"fnMap":{"0":{"name":"(anonymous_0)","decl":{"start":{"line":4,"column":2},"end":{"line":4,"column":3}},"loc":{"start":{"line":4,"column":40},"end":{"line":15,"column":3}},"line":4},"1":{"name":"(anonymous_1)","decl":{"start":{"line":17,"column":2},"end":{"line":17,"column":3}},"loc":{"start":{"line":17,"column":41},"end":{"line":25,"column":3}},"line":17},"2":{"name":"(anonymous_2)","decl":{"start":{"line":27,"column":2},"end":{"line":27,"column":3}},"loc":{"start":{"line":27,"column":39},"end":{"line":42,"column":3}},"line":27},"3":{"name":"(anonymous_3)","decl":{"start":{"line":44,"column":2},"end":{"line":44,"column":3}},"loc":{"start":{"line":44,"column":37},"end":{"line":60,"column":3}},"line":44},"4":{"name":"(anonymous_4)","decl":{"start":{"line":62,"column":2},"end":{"line":62,"column":3}},"loc":{"start":{"line":62,"column":43},"end":{"line":75,"column":3}},"line":62},"5":{"name":"(anonymous_5)","decl":{"start":{"line":77,"column":2},"end":{"line":77,"column":3}},"loc":{"start":{"line":77,"column":39},"end":{"line":85,"column":3}},"line":77}},"branchMap":{"0":{"loc":{"start":{"line":32,"column":14},"end":{"line":32,"column":24}},"type":"binary-expr","locations":[{"start":{"line":32,"column":14},"end":{"line":32,"column":18}},{"start":{"line":32,"column":22},"end":{"line":32,"column":24}}],"line":32},"1":{"loc":{"start":{"line":33,"column":15},"end":{"line":33,"column":26}},"type":"binary-expr","locations":[{"start":{"line":33,"column":15},"end":{"line":33,"column":20}},{"start":{"line":33,"column":24},"end":{"line":33,"column":26}}],"line":33},"2":{"loc":{"start":{"line":34,"column":21},"end":{"line":34,"column":38}},"type":"binary-expr","locations":[{"start":{"line":34,"column":21},"end":{"line":34,"column":32}},{"start":{"line":34,"column":36},"end":{"line":34,"column":38}}],"line":34},"3":{"loc":{"start":{"line":35,"column":16},"end":{"line":35,"column":31}},"type":"binary-expr","locations":[{"start":{"line":35,"column":16},"end":{"line":35,"column":22}},{"start":{"line":35,"column":26},"end":{"line":35,"column":31}}],"line":35},"4":{"loc":{"start":{"line":49,"column":14},"end":{"line":49,"column":24}},"type":"binary-expr","locations":[{"start":{"line":49,"column":14},"end":{"line":49,"column":18}},{"start":{"line":49,"column":22},"end":{"line":49,"column":24}}],"line":49},"5":{"loc":{"start":{"line":50,"column":15},"end":{"line":50,"column":26}},"type":"binary-expr","locations":[{"start":{"line":50,"column":15},"end":{"line":50,"column":20}},{"start":{"line":50,"column":24},"end":{"line":50,"column":26}}],"line":50},"6":{"loc":{"start":{"line":51,"column":21},"end":{"line":51,"column":38}},"type":"binary-expr","locations":[{"start":{"line":51,"column":21},"end":{"line":51,"column":32}},{"start":{"line":51,"column":36},"end":{"line":51,"column":38}}],"line":51}},"s":{"0":5,"1":1,"2":1,"3":1,"4":1,"5":0,"6":1,"7":1,"8":1,"9":1,"10":0,"11":5,"12":5,"13":5,"14":5,"15":1,"16":4,"17":1,"18":1,"19":1,"20":1,"21":1,"22":0,"23":1,"24":1,"25":1,"26":1,"27":0,"28":1,"29":1,"30":1,"31":1,"32":0,"33":5},"f":{"0":1,"1":1,"2":5,"3":1,"4":1,"5":1},"b":{"0":[5,2],"1":[5,2],"2":[5,2],"3":[5,5],"4":[1,0],"5":[1,0],"6":[1,0]},"_coverageSchema":"1a1c01bbd47fc00a2c39e90264f33305004495a9","hash":"774f516bcec94437da5ead4bbc902b0709b9889f"}
,"/media/naughtymask/LinuxFile/Hacktiv8/p3/final-project/virtualweb-server/controllers/InvitationController.js": {"path":"/media/naughtymask/LinuxFile/Hacktiv8/p3/final-project/virtualweb-server/controllers/InvitationController.js","statementMap":{"0":{"start":{"line":1,"column":41},"end":{"line":1,"column":61}},"1":{"start":{"line":2,"column":23},"end":{"line":2,"column":44}},"2":{"start":{"line":6,"column":4},"end":{"line":17,"column":5}},"3":{"start":{"line":7,"column":21},"end":{"line":7,"column":32}},"4":{"start":{"line":8,"column":32},"end":{"line":8,"column":74}},"5":{"start":{"line":9,"column":25},"end":{"line":9,"column":75}},"6":{"start":{"line":10,"column":6},"end":{"line":14,"column":7}},"7":{"start":{"line":11,"column":8},"end":{"line":11,"column":40}},"8":{"start":{"line":13,"column":8},"end":{"line":13,"column":39}},"9":{"start":{"line":16,"column":6},"end":{"line":16,"column":15}},"10":{"start":{"line":21,"column":4},"end":{"line":27,"column":5}},"11":{"start":{"line":22,"column":21},"end":{"line":22,"column":31}},"12":{"start":{"line":23,"column":25},"end":{"line":23,"column":97}},"13":{"start":{"line":24,"column":6},"end":{"line":24,"column":38}},"14":{"start":{"line":26,"column":6},"end":{"line":26,"column":17}},"15":{"start":{"line":31,"column":4},"end":{"line":69,"column":5}},"16":{"start":{"line":32,"column":21},"end":{"line":32,"column":31}},"17":{"start":{"line":38,"column":10},"end":{"line":38,"column":18}},"18":{"start":{"line":41,"column":6},"end":{"line":44,"column":7}},"19":{"start":{"line":42,"column":8},"end":{"line":43,"column":30}},"20":{"start":{"line":45,"column":6},"end":{"line":48,"column":7}},"21":{"start":{"line":46,"column":8},"end":{"line":47,"column":30}},"22":{"start":{"line":49,"column":20},"end":{"line":62,"column":7}},"23":{"start":{"line":63,"column":25},"end":{"line":65,"column":8}},"24":{"start":{"line":66,"column":6},"end":{"line":66,"column":44}},"25":{"start":{"line":68,"column":6},"end":{"line":68,"column":15}},"26":{"start":{"line":73,"column":0},"end":{"line":73,"column":37}}},"fnMap":{"0":{"name":"(anonymous_0)","decl":{"start":{"line":5,"column":2},"end":{"line":5,"column":3}},"loc":{"start":{"line":5,"column":39},"end":{"line":18,"column":3}},"line":5},"1":{"name":"(anonymous_1)","decl":{"start":{"line":20,"column":2},"end":{"line":20,"column":3}},"loc":{"start":{"line":20,"column":41},"end":{"line":28,"column":3}},"line":20},"2":{"name":"(anonymous_2)","decl":{"start":{"line":30,"column":2},"end":{"line":30,"column":3}},"loc":{"start":{"line":30,"column":36},"end":{"line":70,"column":3}},"line":30}},"branchMap":{"0":{"loc":{"start":{"line":10,"column":6},"end":{"line":14,"column":7}},"type":"if","locations":[{"start":{"line":10,"column":6},"end":{"line":14,"column":7}},{"start":{"line":10,"column":6},"end":{"line":14,"column":7}}],"line":10},"1":{"loc":{"start":{"line":41,"column":6},"end":{"line":44,"column":7}},"type":"if","locations":[{"start":{"line":41,"column":6},"end":{"line":44,"column":7}},{"start":{"line":41,"column":6},"end":{"line":44,"column":7}}],"line":41},"2":{"loc":{"start":{"line":45,"column":6},"end":{"line":48,"column":7}},"type":"if","locations":[{"start":{"line":45,"column":6},"end":{"line":48,"column":7}},{"start":{"line":45,"column":6},"end":{"line":48,"column":7}}],"line":45},"3":{"loc":{"start":{"line":50,"column":23},"end":{"line":50,"column":42}},"type":"binary-expr","locations":[{"start":{"line":50,"column":23},"end":{"line":50,"column":36}},{"start":{"line":50,"column":40},"end":{"line":50,"column":42}}],"line":50},"4":{"loc":{"start":{"line":51,"column":23},"end":{"line":51,"column":42}},"type":"binary-expr","locations":[{"start":{"line":51,"column":23},"end":{"line":51,"column":36}},{"start":{"line":51,"column":40},"end":{"line":51,"column":42}}],"line":51},"5":{"loc":{"start":{"line":52,"column":15},"end":{"line":52,"column":26}},"type":"binary-expr","locations":[{"start":{"line":52,"column":15},"end":{"line":52,"column":20}},{"start":{"line":52,"column":24},"end":{"line":52,"column":26}}],"line":52},"6":{"loc":{"start":{"line":53,"column":15},"end":{"line":53,"column":26}},"type":"binary-expr","locations":[{"start":{"line":53,"column":15},"end":{"line":53,"column":20}},{"start":{"line":53,"column":24},"end":{"line":53,"column":26}}],"line":53},"7":{"loc":{"start":{"line":54,"column":24},"end":{"line":54,"column":90}},"type":"cond-expr","locations":[{"start":{"line":54,"column":54},"end":{"line":54,"column":85}},{"start":{"line":54,"column":88},"end":{"line":54,"column":90}}],"line":54},"8":{"loc":{"start":{"line":55,"column":24},"end":{"line":55,"column":90}},"type":"cond-expr","locations":[{"start":{"line":55,"column":54},"end":{"line":55,"column":85}},{"start":{"line":55,"column":88},"end":{"line":55,"column":90}}],"line":55},"9":{"loc":{"start":{"line":56,"column":18},"end":{"line":56,"column":32}},"type":"binary-expr","locations":[{"start":{"line":56,"column":18},"end":{"line":56,"column":26}},{"start":{"line":56,"column":30},"end":{"line":56,"column":32}}],"line":56},"10":{"loc":{"start":{"line":57,"column":25},"end":{"line":57,"column":46}},"type":"binary-expr","locations":[{"start":{"line":57,"column":25},"end":{"line":57,"column":40}},{"start":{"line":57,"column":44},"end":{"line":57,"column":46}}],"line":57},"11":{"loc":{"start":{"line":58,"column":19},"end":{"line":58,"column":34}},"type":"binary-expr","locations":[{"start":{"line":58,"column":19},"end":{"line":58,"column":28}},{"start":{"line":58,"column":32},"end":{"line":58,"column":34}}],"line":58},"12":{"loc":{"start":{"line":59,"column":20},"end":{"line":59,"column":36}},"type":"binary-expr","locations":[{"start":{"line":59,"column":20},"end":{"line":59,"column":30}},{"start":{"line":59,"column":34},"end":{"line":59,"column":36}}],"line":59},"13":{"loc":{"start":{"line":60,"column":20},"end":{"line":60,"column":36}},"type":"binary-expr","locations":[{"start":{"line":60,"column":20},"end":{"line":60,"column":30}},{"start":{"line":60,"column":34},"end":{"line":60,"column":36}}],"line":60},"14":{"loc":{"start":{"line":61,"column":20},"end":{"line":61,"column":36}},"type":"binary-expr","locations":[{"start":{"line":61,"column":20},"end":{"line":61,"column":30}},{"start":{"line":61,"column":34},"end":{"line":61,"column":36}}],"line":61}},"s":{"0":5,"1":5,"2":2,"3":2,"4":2,"5":2,"6":2,"7":1,"8":1,"9":0,"10":1,"11":1,"12":1,"13":1,"14":0,"15":1,"16":1,"17":1,"18":1,"19":1,"20":1,"21":1,"22":1,"23":1,"24":1,"25":0,"26":5},"f":{"0":2,"1":1,"2":1},"b":{"0":[1,1],"1":[1,0],"2":[1,0],"3":[1,0],"4":[1,0],"5":[1,0],"6":[1,0],"7":[1,0],"8":[1,0],"9":[1,0],"10":[1,0],"11":[1,0],"12":[1,0],"13":[1,0],"14":[1,0]},"_coverageSchema":"1a1c01bbd47fc00a2c39e90264f33305004495a9","hash":"379c194a0adb580ff8d7abadea1fbb26ced3f834"}
,"/media/naughtymask/LinuxFile/Hacktiv8/p3/final-project/virtualweb-server/controllers/UserController.js": {"path":"/media/naughtymask/LinuxFile/Hacktiv8/p3/final-project/virtualweb-server/controllers/UserController.js","statementMap":{"0":{"start":{"line":1,"column":17},"end":{"line":1,"column":37}},"1":{"start":{"line":2,"column":49},"end":{"line":2,"column":70}},"2":{"start":{"line":6,"column":4},"end":{"line":23,"column":5}},"3":{"start":{"line":7,"column":53},"end":{"line":7,"column":61}},"4":{"start":{"line":8,"column":19},"end":{"line":13,"column":8}},"5":{"start":{"line":14,"column":6},"end":{"line":14,"column":44}},"6":{"start":{"line":15,"column":6},"end":{"line":20,"column":8}},"7":{"start":{"line":22,"column":6},"end":{"line":22,"column":15}},"8":{"start":{"line":27,"column":4},"end":{"line":51,"column":5}},"9":{"start":{"line":28,"column":34},"end":{"line":28,"column":42}},"10":{"start":{"line":29,"column":6},"end":{"line":29,"column":74}},"11":{"start":{"line":29,"column":31},"end":{"line":29,"column":74}},"12":{"start":{"line":31,"column":19},"end":{"line":31,"column":57}},"13":{"start":{"line":32,"column":6},"end":{"line":48,"column":7}},"14":{"start":{"line":33,"column":8},"end":{"line":33,"column":44}},"15":{"start":{"line":35,"column":27},"end":{"line":35,"column":62}},"16":{"start":{"line":36,"column":8},"end":{"line":47,"column":9}},"17":{"start":{"line":37,"column":10},"end":{"line":37,"column":46}},"18":{"start":{"line":39,"column":26},"end":{"line":39,"column":60}},"19":{"start":{"line":40,"column":31},"end":{"line":40,"column":53}},"20":{"start":{"line":41,"column":10},"end":{"line":46,"column":12}},"21":{"start":{"line":50,"column":6},"end":{"line":50,"column":15}},"22":{"start":{"line":55,"column":0},"end":{"line":55,"column":31}}},"fnMap":{"0":{"name":"(anonymous_0)","decl":{"start":{"line":5,"column":2},"end":{"line":5,"column":3}},"loc":{"start":{"line":5,"column":40},"end":{"line":24,"column":3}},"line":5},"1":{"name":"(anonymous_1)","decl":{"start":{"line":26,"column":2},"end":{"line":26,"column":3}},"loc":{"start":{"line":26,"column":37},"end":{"line":52,"column":3}},"line":26}},"branchMap":{"0":{"loc":{"start":{"line":9,"column":14},"end":{"line":9,"column":24}},"type":"binary-expr","locations":[{"start":{"line":9,"column":14},"end":{"line":9,"column":18}},{"start":{"line":9,"column":22},"end":{"line":9,"column":24}}],"line":9},"1":{"loc":{"start":{"line":10,"column":15},"end":{"line":10,"column":26}},"type":"binary-expr","locations":[{"start":{"line":10,"column":15},"end":{"line":10,"column":20}},{"start":{"line":10,"column":24},"end":{"line":10,"column":26}}],"line":10},"2":{"loc":{"start":{"line":11,"column":18},"end":{"line":11,"column":32}},"type":"binary-expr","locations":[{"start":{"line":11,"column":18},"end":{"line":11,"column":26}},{"start":{"line":11,"column":30},"end":{"line":11,"column":32}}],"line":11},"3":{"loc":{"start":{"line":12,"column":21},"end":{"line":12,"column":38}},"type":"binary-expr","locations":[{"start":{"line":12,"column":21},"end":{"line":12,"column":32}},{"start":{"line":12,"column":36},"end":{"line":12,"column":38}}],"line":12},"4":{"loc":{"start":{"line":29,"column":6},"end":{"line":29,"column":74}},"type":"if","locations":[{"start":{"line":29,"column":6},"end":{"line":29,"column":74}},{"start":{"line":29,"column":6},"end":{"line":29,"column":74}}],"line":29},"5":{"loc":{"start":{"line":29,"column":10},"end":{"line":29,"column":29}},"type":"binary-expr","locations":[{"start":{"line":29,"column":10},"end":{"line":29,"column":16}},{"start":{"line":29,"column":20},"end":{"line":29,"column":29}}],"line":29},"6":{"loc":{"start":{"line":32,"column":6},"end":{"line":48,"column":7}},"type":"if","locations":[{"start":{"line":32,"column":6},"end":{"line":48,"column":7}},{"start":{"line":32,"column":6},"end":{"line":48,"column":7}}],"line":32},"7":{"loc":{"start":{"line":36,"column":8},"end":{"line":47,"column":9}},"type":"if","locations":[{"start":{"line":36,"column":8},"end":{"line":47,"column":9}},{"start":{"line":36,"column":8},"end":{"line":47,"column":9}}],"line":36}},"s":{"0":5,"1":5,"2":7,"3":7,"4":7,"5":1,"6":1,"7":6,"8":6,"9":6,"10":6,"11":3,"12":3,"13":3,"14":1,"15":2,"16":2,"17":1,"18":1,"19":1,"20":1,"21":0,"22":5},"f":{"0":7,"1":6},"b":{"0":[7,2],"1":[7,2],"2":[7,2],"3":[7,2],"4":[3,3],"5":[6,4],"6":[1,2],"7":[1,1]},"_coverageSchema":"1a1c01bbd47fc00a2c39e90264f33305004495a9","hash":"3f38242be6b52b8369e41a27b24689f40c79a699"}
,"/media/naughtymask/LinuxFile/Hacktiv8/p3/final-project/virtualweb-server/controllers/WeddingController.js": {"path":"/media/naughtymask/LinuxFile/Hacktiv8/p3/final-project/virtualweb-server/controllers/WeddingController.js","statementMap":{"0":{"start":{"line":1,"column":32},"end":{"line":1,"column":52}},"1":{"start":{"line":2,"column":23},"end":{"line":2,"column":44}},"2":{"start":{"line":6,"column":4},"end":{"line":15,"column":5}},"3":{"start":{"line":7,"column":21},"end":{"line":7,"column":32}},"4":{"start":{"line":8,"column":19},"end":{"line":11,"column":8}},"5":{"start":{"line":12,"column":6},"end":{"line":12,"column":38}},"6":{"start":{"line":14,"column":6},"end":{"line":14,"column":17}},"7":{"start":{"line":19,"column":4},"end":{"line":59,"column":5}},"8":{"start":{"line":20,"column":21},"end":{"line":20,"column":32}},"9":{"start":{"line":21,"column":89},"end":{"line":21,"column":97}},"10":{"start":{"line":24,"column":6},"end":{"line":27,"column":7}},"11":{"start":{"line":25,"column":8},"end":{"line":26,"column":25}},"12":{"start":{"line":28,"column":6},"end":{"line":31,"column":7}},"13":{"start":{"line":29,"column":8},"end":{"line":30,"column":27}},"14":{"start":{"line":32,"column":22},"end":{"line":43,"column":7}},"15":{"start":{"line":44,"column":28},"end":{"line":44,"column":57}},"16":{"start":{"line":45,"column":6},"end":{"line":55,"column":8}},"17":{"start":{"line":45,"column":25},"end":{"line":55,"column":8}},"18":{"start":{"line":56,"column":6},"end":{"line":56,"column":41}},"19":{"start":{"line":58,"column":6},"end":{"line":58,"column":17}},"20":{"start":{"line":63,"column":4},"end":{"line":92,"column":5}},"21":{"start":{"line":64,"column":21},"end":{"line":64,"column":31}},"22":{"start":{"line":65,"column":89},"end":{"line":65,"column":97}},"23":{"start":{"line":68,"column":6},"end":{"line":71,"column":7}},"24":{"start":{"line":69,"column":8},"end":{"line":70,"column":25}},"25":{"start":{"line":72,"column":6},"end":{"line":75,"column":7}},"26":{"start":{"line":73,"column":8},"end":{"line":74,"column":27}},"27":{"start":{"line":76,"column":23},"end":{"line":85,"column":7}},"28":{"start":{"line":86,"column":25},"end":{"line":88,"column":8}},"29":{"start":{"line":89,"column":6},"end":{"line":89,"column":44}},"30":{"start":{"line":91,"column":6},"end":{"line":91,"column":17}},"31":{"start":{"line":96,"column":4},"end":{"line":102,"column":5}},"32":{"start":{"line":97,"column":21},"end":{"line":97,"column":31}},"33":{"start":{"line":98,"column":6},"end":{"line":98,"column":46}},"34":{"start":{"line":99,"column":6},"end":{"line":99,"column":58}},"35":{"start":{"line":101,"column":6},"end":{"line":101,"column":17}},"36":{"start":{"line":106,"column":0},"end":{"line":106,"column":34}}},"fnMap":{"0":{"name":"(anonymous_0)","decl":{"start":{"line":5,"column":2},"end":{"line":5,"column":3}},"loc":{"start":{"line":5,"column":50},"end":{"line":16,"column":3}},"line":5},"1":{"name":"(anonymous_1)","decl":{"start":{"line":18,"column":2},"end":{"line":18,"column":3}},"loc":{"start":{"line":18,"column":49},"end":{"line":60,"column":3}},"line":18},"2":{"name":"(anonymous_2)","decl":{"start":{"line":62,"column":2},"end":{"line":62,"column":3}},"loc":{"start":{"line":62,"column":49},"end":{"line":93,"column":3}},"line":62},"3":{"name":"(anonymous_3)","decl":{"start":{"line":95,"column":2},"end":{"line":95,"column":3}},"loc":{"start":{"line":95,"column":49},"end":{"line":103,"column":3}},"line":95}},"branchMap":{"0":{"loc":{"start":{"line":12,"column":27},"end":{"line":12,"column":37}},"type":"binary-expr","locations":[{"start":{"line":12,"column":27},"end":{"line":12,"column":31}},{"start":{"line":12,"column":35},"end":{"line":12,"column":37}}],"line":12},"1":{"loc":{"start":{"line":24,"column":6},"end":{"line":27,"column":7}},"type":"if","locations":[{"start":{"line":24,"column":6},"end":{"line":27,"column":7}},{"start":{"line":24,"column":6},"end":{"line":27,"column":7}}],"line":24},"2":{"loc":{"start":{"line":28,"column":6},"end":{"line":31,"column":7}},"type":"if","locations":[{"start":{"line":28,"column":6},"end":{"line":31,"column":7}},{"start":{"line":28,"column":6},"end":{"line":31,"column":7}}],"line":28},"3":{"loc":{"start":{"line":34,"column":15},"end":{"line":34,"column":26}},"type":"binary-expr","locations":[{"start":{"line":34,"column":15},"end":{"line":34,"column":20}},{"start":{"line":34,"column":24},"end":{"line":34,"column":26}}],"line":34},"4":{"loc":{"start":{"line":35,"column":14},"end":{"line":35,"column":24}},"type":"binary-expr","locations":[{"start":{"line":35,"column":14},"end":{"line":35,"column":18}},{"start":{"line":35,"column":22},"end":{"line":35,"column":24}}],"line":35},"5":{"loc":{"start":{"line":36,"column":17},"end":{"line":36,"column":30}},"type":"binary-expr","locations":[{"start":{"line":36,"column":17},"end":{"line":36,"column":24}},{"start":{"line":36,"column":28},"end":{"line":36,"column":30}}],"line":36},"6":{"loc":{"start":{"line":37,"column":19},"end":{"line":37,"column":34}},"type":"binary-expr","locations":[{"start":{"line":37,"column":19},"end":{"line":37,"column":28}},{"start":{"line":37,"column":32},"end":{"line":37,"column":34}}],"line":37},"7":{"loc":{"start":{"line":38,"column":19},"end":{"line":38,"column":34}},"type":"binary-expr","locations":[{"start":{"line":38,"column":19},"end":{"line":38,"column":28}},{"start":{"line":38,"column":32},"end":{"line":38,"column":34}}],"line":38},"8":{"loc":{"start":{"line":39,"column":19},"end":{"line":39,"column":69}},"type":"cond-expr","locations":[{"start":{"line":39,"column":41},"end":{"line":39,"column":64}},{"start":{"line":39,"column":67},"end":{"line":39,"column":69}}],"line":39},"9":{"loc":{"start":{"line":40,"column":19},"end":{"line":40,"column":69}},"type":"cond-expr","locations":[{"start":{"line":40,"column":41},"end":{"line":40,"column":64}},{"start":{"line":40,"column":67},"end":{"line":40,"column":69}}],"line":40},"10":{"loc":{"start":{"line":41,"column":16},"end":{"line":41,"column":31}},"type":"binary-expr","locations":[{"start":{"line":41,"column":16},"end":{"line":41,"column":22}},{"start":{"line":41,"column":26},"end":{"line":41,"column":31}}],"line":41},"11":{"loc":{"start":{"line":45,"column":6},"end":{"line":55,"column":8}},"type":"if","locations":[{"start":{"line":45,"column":6},"end":{"line":55,"column":8}},{"start":{"line":45,"column":6},"end":{"line":55,"column":8}}],"line":45},"12":{"loc":{"start":{"line":68,"column":6},"end":{"line":71,"column":7}},"type":"if","locations":[{"start":{"line":68,"column":6},"end":{"line":71,"column":7}},{"start":{"line":68,"column":6},"end":{"line":71,"column":7}}],"line":68},"13":{"loc":{"start":{"line":72,"column":6},"end":{"line":75,"column":7}},"type":"if","locations":[{"start":{"line":72,"column":6},"end":{"line":75,"column":7}},{"start":{"line":72,"column":6},"end":{"line":75,"column":7}}],"line":72},"14":{"loc":{"start":{"line":77,"column":15},"end":{"line":77,"column":26}},"type":"binary-expr","locations":[{"start":{"line":77,"column":15},"end":{"line":77,"column":20}},{"start":{"line":77,"column":24},"end":{"line":77,"column":26}}],"line":77},"15":{"loc":{"start":{"line":78,"column":14},"end":{"line":78,"column":24}},"type":"binary-expr","locations":[{"start":{"line":78,"column":14},"end":{"line":78,"column":18}},{"start":{"line":78,"column":22},"end":{"line":78,"column":24}}],"line":78},"16":{"loc":{"start":{"line":79,"column":17},"end":{"line":79,"column":30}},"type":"binary-expr","locations":[{"start":{"line":79,"column":17},"end":{"line":79,"column":24}},{"start":{"line":79,"column":28},"end":{"line":79,"column":30}}],"line":79},"17":{"loc":{"start":{"line":80,"column":19},"end":{"line":80,"column":34}},"type":"binary-expr","locations":[{"start":{"line":80,"column":19},"end":{"line":80,"column":28}},{"start":{"line":80,"column":32},"end":{"line":80,"column":34}}],"line":80},"18":{"loc":{"start":{"line":81,"column":19},"end":{"line":81,"column":34}},"type":"binary-expr","locations":[{"start":{"line":81,"column":19},"end":{"line":81,"column":28}},{"start":{"line":81,"column":32},"end":{"line":81,"column":34}}],"line":81},"19":{"loc":{"start":{"line":82,"column":19},"end":{"line":82,"column":69}},"type":"cond-expr","locations":[{"start":{"line":82,"column":41},"end":{"line":82,"column":64}},{"start":{"line":82,"column":67},"end":{"line":82,"column":69}}],"line":82},"20":{"loc":{"start":{"line":83,"column":19},"end":{"line":83,"column":69}},"type":"cond-expr","locations":[{"start":{"line":83,"column":41},"end":{"line":83,"column":64}},{"start":{"line":83,"column":67},"end":{"line":83,"column":69}}],"line":83},"21":{"loc":{"start":{"line":84,"column":16},"end":{"line":84,"column":31}},"type":"binary-expr","locations":[{"start":{"line":84,"column":16},"end":{"line":84,"column":22}},{"start":{"line":84,"column":26},"end":{"line":84,"column":31}}],"line":84}},"s":{"0":5,"1":5,"2":1,"3":1,"4":1,"5":1,"6":0,"7":10,"8":10,"9":10,"10":10,"11":8,"12":10,"13":8,"14":10,"15":10,"16":1,"17":1,"18":1,"19":9,"20":1,"21":1,"22":1,"23":1,"24":1,"25":1,"26":1,"27":1,"28":1,"29":1,"30":0,"31":1,"32":1,"33":1,"34":1,"35":0,"36":5},"f":{"0":1,"1":10,"2":1,"3":1},"b":{"0":[1,0],"1":[8,2],"2":[8,2],"3":[10,2],"4":[10,2],"5":[10,2],"6":[10,2],"7":[10,2],"8":[8,2],"9":[8,2],"10":[10,10],"11":[1,0],"12":[1,0],"13":[1,0],"14":[1,0],"15":[1,0],"16":[1,0],"17":[1,0],"18":[1,0],"19":[1,0],"20":[1,0],"21":[1,1]},"_coverageSchema":"1a1c01bbd47fc00a2c39e90264f33305004495a9","hash":"186c21cc802f4b052b571a9cea8be39bca52b3d4"}
,"/media/naughtymask/LinuxFile/Hacktiv8/p3/final-project/virtualweb-server/helpers/bcrypt.js": {"path":"/media/naughtymask/LinuxFile/Hacktiv8/p3/final-project/virtualweb-server/helpers/bcrypt.js","statementMap":{"0":{"start":{"line":1,"column":15},"end":{"line":1,"column":34}},"1":{"start":{"line":3,"column":16},"end":{"line":7,"column":1}},"2":{"start":{"line":4,"column":15},"end":{"line":4,"column":37}},"3":{"start":{"line":5,"column":15},"end":{"line":5,"column":46}},"4":{"start":{"line":6,"column":2},"end":{"line":6,"column":13}},"5":{"start":{"line":9,"column":19},"end":{"line":12,"column":1}},"6":{"start":{"line":10,"column":21},"end":{"line":10,"column":60}},"7":{"start":{"line":11,"column":2},"end":{"line":11,"column":19}},"8":{"start":{"line":14,"column":0},"end":{"line":14,"column":40}}},"fnMap":{"0":{"name":"(anonymous_0)","decl":{"start":{"line":3,"column":16},"end":{"line":3,"column":17}},"loc":{"start":{"line":3,"column":28},"end":{"line":7,"column":1}},"line":3},"1":{"name":"(anonymous_1)","decl":{"start":{"line":9,"column":19},"end":{"line":9,"column":20}},"loc":{"start":{"line":9,"column":44},"end":{"line":12,"column":1}},"line":9}},"branchMap":{},"s":{"0":5,"1":5,"2":16,"3":16,"4":16,"5":5,"6":2,"7":2,"8":5},"f":{"0":16,"1":2},"b":{},"_coverageSchema":"1a1c01bbd47fc00a2c39e90264f33305004495a9","hash":"89bbd1dad4f5fc73f0949456111899d2a23eee43"}
,"/media/naughtymask/LinuxFile/Hacktiv8/p3/final-project/virtualweb-server/helpers/cloudinary.js": {"path":"/media/naughtymask/LinuxFile/Hacktiv8/p3/final-project/virtualweb-server/helpers/cloudinary.js","statementMap":{"0":{"start":{"line":1,"column":19},"end":{"line":1,"column":43}},"1":{"start":{"line":2,"column":0},"end":{"line":6,"column":2}},"2":{"start":{"line":8,"column":0},"end":{"line":8,"column":27}}},"fnMap":{},"branchMap":{},"s":{"0":5,"1":5,"2":5},"f":{},"b":{},"_coverageSchema":"1a1c01bbd47fc00a2c39e90264f33305004495a9","hash":"da50a6b5c13f8bc77f4ce083d6e4cc17b6b63802"}
,"/media/naughtymask/LinuxFile/Hacktiv8/p3/final-project/virtualweb-server/helpers/index.js": {"path":"/media/naughtymask/LinuxFile/Hacktiv8/p3/final-project/virtualweb-server/helpers/index.js","statementMap":{"0":{"start":{"line":1,"column":32},"end":{"line":1,"column":51}},"1":{"start":{"line":2,"column":38},"end":{"line":2,"column":54}},"2":{"start":{"line":4,"column":0},"end":{"line":11,"column":1}}},"fnMap":{},"branchMap":{},"s":{"0":5,"1":5,"2":5},"f":{},"b":{},"_coverageSchema":"1a1c01bbd47fc00a2c39e90264f33305004495a9","hash":"22137445da07966fafdf1f01756fbd9d3f34b692"}
,"/media/naughtymask/LinuxFile/Hacktiv8/p3/final-project/virtualweb-server/helpers/jwt.js": {"path":"/media/naughtymask/LinuxFile/Hacktiv8/p3/final-project/virtualweb-server/helpers/jwt.js","statementMap":{"0":{"start":{"line":1,"column":12},"end":{"line":1,"column":35}},"1":{"start":{"line":2,"column":23},"end":{"line":2,"column":34}},"2":{"start":{"line":4,"column":22},"end":{"line":7,"column":1}},"3":{"start":{"line":5,"column":16},"end":{"line":5,"column":45}},"4":{"start":{"line":6,"column":2},"end":{"line":6,"column":14}},"5":{"start":{"line":9,"column":20},"end":{"line":12,"column":1}},"6":{"start":{"line":10,"column":21},"end":{"line":10,"column":50}},"7":{"start":{"line":11,"column":2},"end":{"line":11,"column":19}},"8":{"start":{"line":14,"column":0},"end":{"line":14,"column":47}}},"fnMap":{"0":{"name":"(anonymous_0)","decl":{"start":{"line":4,"column":22},"end":{"line":4,"column":23}},"loc":{"start":{"line":4,"column":33},"end":{"line":7,"column":1}},"line":4},"1":{"name":"(anonymous_1)","decl":{"start":{"line":9,"column":20},"end":{"line":9,"column":21}},"loc":{"start":{"line":9,"column":29},"end":{"line":12,"column":1}},"line":9}},"branchMap":{},"s":{"0":5,"1":5,"2":5,"3":8,"4":8,"5":5,"6":53,"7":52,"8":5},"f":{"0":8,"1":53},"b":{},"_coverageSchema":"1a1c01bbd47fc00a2c39e90264f33305004495a9","hash":"be165b9d6e9f7b9c4424de837e120484e39ebe4a"}
,"/media/naughtymask/LinuxFile/Hacktiv8/p3/final-project/virtualweb-server/helpers/nodemailer.js": {"path":"/media/naughtymask/LinuxFile/Hacktiv8/p3/final-project/virtualweb-server/helpers/nodemailer.js","statementMap":{"0":{"start":{"line":1,"column":19},"end":{"line":1,"column":40}},"1":{"start":{"line":4,"column":17},"end":{"line":12,"column":3}},"2":{"start":{"line":14,"column":2},"end":{"line":14,"column":78}},"3":{"start":{"line":15,"column":20},"end":{"line":27,"column":4}},"4":{"start":{"line":29,"column":22},"end":{"line":34,"column":3}},"5":{"start":{"line":36,"column":2},"end":{"line":36,"column":42}},"6":{"start":{"line":39,"column":0},"end":{"line":39,"column":26}}},"fnMap":{"0":{"name":"sendEmail","decl":{"start":{"line":3,"column":9},"end":{"line":3,"column":18}},"loc":{"start":{"line":3,"column":32},"end":{"line":37,"column":1}},"line":3}},"branchMap":{},"s":{"0":5,"1":1,"2":1,"3":1,"4":1,"5":1,"6":5},"f":{"0":1},"b":{},"_coverageSchema":"1a1c01bbd47fc00a2c39e90264f33305004495a9","hash":"84230e14ceb308ee92dfbf3e76e4030a696287cf"}
,"/media/naughtymask/LinuxFile/Hacktiv8/p3/final-project/virtualweb-server/middlewares/auth.js": {"path":"/media/naughtymask/LinuxFile/Hacktiv8/p3/final-project/virtualweb-server/middlewares/auth.js","statementMap":{"0":{"start":{"line":1,"column":24},"end":{"line":1,"column":45}},"1":{"start":{"line":2,"column":45},"end":{"line":2,"column":65}},"2":{"start":{"line":5,"column":2},"end":{"line":23,"column":3}},"3":{"start":{"line":6,"column":29},"end":{"line":6,"column":40}},"4":{"start":{"line":7,"column":4},"end":{"line":20,"column":5}},"5":{"start":{"line":8,"column":6},"end":{"line":8,"column":40}},"6":{"start":{"line":10,"column":22},"end":{"line":10,"column":47}},"7":{"start":{"line":11,"column":19},"end":{"line":13,"column":8}},"8":{"start":{"line":14,"column":6},"end":{"line":19,"column":7}},"9":{"start":{"line":15,"column":8},"end":{"line":15,"column":43}},"10":{"start":{"line":17,"column":8},"end":{"line":17,"column":53}},"11":{"start":{"line":18,"column":8},"end":{"line":18,"column":14}},"12":{"start":{"line":22,"column":4},"end":{"line":22,"column":13}},"13":{"start":{"line":26,"column":23},"end":{"line":45,"column":1}},"14":{"start":{"line":27,"column":2},"end":{"line":44,"column":3}},"15":{"start":{"line":28,"column":19},"end":{"line":28,"column":29}},"16":{"start":{"line":29,"column":19},"end":{"line":29,"column":30}},"17":{"start":{"line":30,"column":18},"end":{"line":32,"column":6}},"18":{"start":{"line":33,"column":4},"end":{"line":41,"column":5}},"19":{"start":{"line":34,"column":6},"end":{"line":38,"column":7}},"20":{"start":{"line":35,"column":8},"end":{"line":35,"column":14}},"21":{"start":{"line":37,"column":8},"end":{"line":37,"column":40}},"22":{"start":{"line":40,"column":6},"end":{"line":40,"column":37}},"23":{"start":{"line":43,"column":4},"end":{"line":43,"column":13}},"24":{"start":{"line":47,"column":25},"end":{"line":66,"column":1}},"25":{"start":{"line":48,"column":2},"end":{"line":65,"column":3}},"26":{"start":{"line":49,"column":19},"end":{"line":49,"column":29}},"27":{"start":{"line":50,"column":19},"end":{"line":50,"column":30}},"28":{"start":{"line":51,"column":20},"end":{"line":53,"column":6}},"29":{"start":{"line":54,"column":4},"end":{"line":62,"column":5}},"30":{"start":{"line":55,"column":6},"end":{"line":59,"column":7}},"31":{"start":{"line":56,"column":8},"end":{"line":56,"column":14}},"32":{"start":{"line":58,"column":8},"end":{"line":58,"column":40}},"33":{"start":{"line":61,"column":6},"end":{"line":61,"column":37}},"34":{"start":{"line":64,"column":4},"end":{"line":64,"column":13}},"35":{"start":{"line":68,"column":28},"end":{"line":90,"column":1}},"36":{"start":{"line":69,"column":2},"end":{"line":89,"column":3}},"37":{"start":{"line":70,"column":19},"end":{"line":70,"column":29}},"38":{"start":{"line":71,"column":19},"end":{"line":71,"column":30}},"39":{"start":{"line":72,"column":20},"end":{"line":74,"column":6}},"40":{"start":{"line":75,"column":23},"end":{"line":77,"column":6}},"41":{"start":{"line":78,"column":4},"end":{"line":86,"column":5}},"42":{"start":{"line":79,"column":6},"end":{"line":83,"column":7}},"43":{"start":{"line":80,"column":8},"end":{"line":80,"column":14}},"44":{"start":{"line":82,"column":8},"end":{"line":82,"column":40}},"45":{"start":{"line":85,"column":6},"end":{"line":85,"column":37}},"46":{"start":{"line":88,"column":4},"end":{"line":88,"column":13}},"47":{"start":{"line":92,"column":0},"end":{"line":92,"column":90}}},"fnMap":{"0":{"name":"authentication","decl":{"start":{"line":4,"column":15},"end":{"line":4,"column":29}},"loc":{"start":{"line":4,"column":46},"end":{"line":24,"column":1}},"line":4},"1":{"name":"(anonymous_1)","decl":{"start":{"line":26,"column":23},"end":{"line":26,"column":24}},"loc":{"start":{"line":26,"column":49},"end":{"line":45,"column":1}},"line":26},"2":{"name":"(anonymous_2)","decl":{"start":{"line":47,"column":25},"end":{"line":47,"column":26}},"loc":{"start":{"line":47,"column":51},"end":{"line":66,"column":1}},"line":47},"3":{"name":"(anonymous_3)","decl":{"start":{"line":68,"column":28},"end":{"line":68,"column":29}},"loc":{"start":{"line":68,"column":54},"end":{"line":90,"column":1}},"line":68}},"branchMap":{"0":{"loc":{"start":{"line":7,"column":4},"end":{"line":20,"column":5}},"type":"if","locations":[{"start":{"line":7,"column":4},"end":{"line":20,"column":5}},{"start":{"line":7,"column":4},"end":{"line":20,"column":5}}],"line":7},"1":{"loc":{"start":{"line":14,"column":6},"end":{"line":19,"column":7}},"type":"if","locations":[{"start":{"line":14,"column":6},"end":{"line":19,"column":7}},{"start":{"line":14,"column":6},"end":{"line":19,"column":7}}],"line":14},"2":{"loc":{"start":{"line":33,"column":4},"end":{"line":41,"column":5}},"type":"if","locations":[{"start":{"line":33,"column":4},"end":{"line":41,"column":5}},{"start":{"line":33,"column":4},"end":{"line":41,"column":5}}],"line":33},"3":{"loc":{"start":{"line":34,"column":6},"end":{"line":38,"column":7}},"type":"if","locations":[{"start":{"line":34,"column":6},"end":{"line":38,"column":7}},{"start":{"line":34,"column":6},"end":{"line":38,"column":7}}],"line":34},"4":{"loc":{"start":{"line":54,"column":4},"end":{"line":62,"column":5}},"type":"if","locations":[{"start":{"line":54,"column":4},"end":{"line":62,"column":5}},{"start":{"line":54,"column":4},"end":{"line":62,"column":5}}],"line":54},"5":{"loc":{"start":{"line":55,"column":6},"end":{"line":59,"column":7}},"type":"if","locations":[{"start":{"line":55,"column":6},"end":{"line":59,"column":7}},{"start":{"line":55,"column":6},"end":{"line":59,"column":7}}],"line":55},"6":{"loc":{"start":{"line":78,"column":4},"end":{"line":86,"column":5}},"type":"if","locations":[{"start":{"line":78,"column":4},"end":{"line":86,"column":5}},{"start":{"line":78,"column":4},"end":{"line":86,"column":5}}],"line":78},"7":{"loc":{"start":{"line":79,"column":6},"end":{"line":83,"column":7}},"type":"if","locations":[{"start":{"line":79,"column":6},"end":{"line":83,"column":7}},{"start":{"line":79,"column":6},"end":{"line":83,"column":7}}],"line":79}},"s":{"0":5,"1":5,"2":65,"3":65,"4":65,"5":12,"6":53,"7":52,"8":52,"9":12,"10":40,"11":40,"12":1,"13":5,"14":12,"15":12,"16":12,"17":12,"18":12,"19":8,"20":4,"21":4,"22":4,"23":0,"24":5,"25":8,"26":8,"27":8,"28":8,"29":8,"30":6,"31":4,"32":2,"33":2,"34":0,"35":5,"36":3,"37":3,"38":3,"39":3,"40":3,"41":3,"42":2,"43":1,"44":1,"45":1,"46":0,"47":5},"f":{"0":65,"1":12,"2":8,"3":3},"b":{"0":[12,53],"1":[12,40],"2":[8,4],"3":[4,4],"4":[6,2],"5":[4,2],"6":[2,1],"7":[1,1]},"_coverageSchema":"1a1c01bbd47fc00a2c39e90264f33305004495a9","hash":"b63482c9435273d9d9410836832950026744f903"}
,"/media/naughtymask/LinuxFile/Hacktiv8/p3/final-project/virtualweb-server/middlewares/errorHandler.js": {"path":"/media/naughtymask/LinuxFile/Hacktiv8/p3/final-project/virtualweb-server/middlewares/errorHandler.js","statementMap":{"0":{"start":{"line":1,"column":21},"end":{"line":44,"column":1}},"1":{"start":{"line":2,"column":2},"end":{"line":2,"column":18}},"2":{"start":{"line":3,"column":17},"end":{"line":9,"column":3}},"3":{"start":{"line":4,"column":4},"end":{"line":8,"column":6}},"4":{"start":{"line":10,"column":2},"end":{"line":43,"column":3}},"5":{"start":{"line":11,"column":4},"end":{"line":42,"column":5}},"6":{"start":{"line":13,"column":8},"end":{"line":13,"column":49}},"7":{"start":{"line":13,"column":38},"end":{"line":13,"column":47}},"8":{"start":{"line":14,"column":8},"end":{"line":14,"column":14}},"9":{"start":{"line":16,"column":8},"end":{"line":16,"column":49}},"10":{"start":{"line":16,"column":38},"end":{"line":16,"column":47}},"11":{"start":{"line":17,"column":8},"end":{"line":17,"column":14}},"12":{"start":{"line":19,"column":8},"end":{"line":19,"column":45}},"13":{"start":{"line":20,"column":8},"end":{"line":20,"column":14}},"14":{"start":{"line":22,"column":8},"end":{"line":22,"column":46}},"15":{"start":{"line":23,"column":8},"end":{"line":23,"column":14}},"16":{"start":{"line":25,"column":8},"end":{"line":25,"column":43}},"17":{"start":{"line":26,"column":8},"end":{"line":26,"column":14}},"18":{"start":{"line":28,"column":8},"end":{"line":28,"column":46}},"19":{"start":{"line":29,"column":8},"end":{"line":29,"column":14}},"20":{"start":{"line":31,"column":8},"end":{"line":31,"column":33}},"21":{"start":{"line":32,"column":8},"end":{"line":32,"column":14}},"22":{"start":{"line":34,"column":8},"end":{"line":34,"column":32}},"23":{"start":{"line":35,"column":8},"end":{"line":35,"column":14}},"24":{"start":{"line":37,"column":8},"end":{"line":40,"column":10}},"25":{"start":{"line":41,"column":8},"end":{"line":41,"column":14}},"26":{"start":{"line":46,"column":0},"end":{"line":46,"column":29}}},"fnMap":{"0":{"name":"(anonymous_0)","decl":{"start":{"line":1,"column":21},"end":{"line":1,"column":22}},"loc":{"start":{"line":1,"column":43},"end":{"line":44,"column":1}},"line":1},"1":{"name":"(anonymous_1)","decl":{"start":{"line":3,"column":17},"end":{"line":3,"column":18}},"loc":{"start":{"line":3,"column":36},"end":{"line":9,"column":3}},"line":3},"2":{"name":"(anonymous_2)","decl":{"start":{"line":13,"column":35},"end":{"line":13,"column":36}},"loc":{"start":{"line":13,"column":38},"end":{"line":13,"column":47}},"line":13},"3":{"name":"(anonymous_3)","decl":{"start":{"line":16,"column":35},"end":{"line":16,"column":36}},"loc":{"start":{"line":16,"column":38},"end":{"line":16,"column":47}},"line":16}},"branchMap":{"0":{"loc":{"start":{"line":10,"column":2},"end":{"line":43,"column":3}},"type":"if","locations":[{"start":{"line":10,"column":2},"end":{"line":43,"column":3}},{"start":{"line":10,"column":2},"end":{"line":43,"column":3}}],"line":10},"1":{"loc":{"start":{"line":11,"column":4},"end":{"line":42,"column":5}},"type":"switch","locations":[{"start":{"line":12,"column":6},"end":{"line":14,"column":14}},{"start":{"line":15,"column":6},"end":{"line":17,"column":14}},{"start":{"line":18,"column":6},"end":{"line":20,"column":14}},{"start":{"line":21,"column":6},"end":{"line":23,"column":14}},{"start":{"line":24,"column":6},"end":{"line":26,"column":14}},{"start":{"line":27,"column":6},"end":{"line":29,"column":14}},{"start":{"line":30,"column":6},"end":{"line":32,"column":14}},{"start":{"line":33,"column":6},"end":{"line":35,"column":14}},{"start":{"line":36,"column":6},"end":{"line":41,"column":14}}],"line":11}},"s":{"0":5,"1":65,"2":65,"3":64,"4":65,"5":65,"6":18,"7":33,"8":18,"9":1,"10":1,"11":1,"12":5,"13":5,"14":12,"15":12,"16":7,"17":7,"18":1,"19":1,"20":12,"21":12,"22":8,"23":8,"24":1,"25":1,"26":5},"f":{"0":65,"1":64,"2":33,"3":1},"b":{"0":[65,0],"1":[18,1,5,12,7,1,12,8,1]},"_coverageSchema":"1a1c01bbd47fc00a2c39e90264f33305004495a9","hash":"23b4233b1562ef104d1192b64ad61ae879583f49"}
,"/media/naughtymask/LinuxFile/Hacktiv8/p3/final-project/virtualweb-server/models/comment.js": {"path":"/media/naughtymask/LinuxFile/Hacktiv8/p3/final-project/virtualweb-server/models/comment.js","statementMap":{"0":{"start":{"line":4,"column":4},"end":{"line":4,"column":24}},"1":{"start":{"line":5,"column":0},"end":{"line":42,"column":2}},"2":{"start":{"line":14,"column":6},"end":{"line":14,"column":42}},"3":{"start":{"line":17,"column":2},"end":{"line":40,"column":5}},"4":{"start":{"line":41,"column":2},"end":{"line":41,"column":17}}},"fnMap":{"0":{"name":"(anonymous_0)","decl":{"start":{"line":5,"column":17},"end":{"line":5,"column":18}},"loc":{"start":{"line":5,"column":43},"end":{"line":42,"column":1}},"line":5},"1":{"name":"(anonymous_1)","decl":{"start":{"line":12,"column":4},"end":{"line":12,"column":5}},"loc":{"start":{"line":12,"column":29},"end":{"line":15,"column":5}},"line":12}},"branchMap":{},"s":{"0":5,"1":5,"2":5,"3":5,"4":5},"f":{"0":5,"1":5},"b":{},"_coverageSchema":"1a1c01bbd47fc00a2c39e90264f33305004495a9","hash":"1da3c9e926e8f6c9f0c37efe4918b5edcfea0dab"}
,"/media/naughtymask/LinuxFile/Hacktiv8/p3/final-project/virtualweb-server/models/guest.js": {"path":"/media/naughtymask/LinuxFile/Hacktiv8/p3/final-project/virtualweb-server/models/guest.js","statementMap":{"0":{"start":{"line":4,"column":4},"end":{"line":4,"column":24}},"1":{"start":{"line":5,"column":0},"end":{"line":43,"column":2}},"2":{"start":{"line":14,"column":6},"end":{"line":14,"column":34}},"3":{"start":{"line":17,"column":2},"end":{"line":41,"column":5}},"4":{"start":{"line":42,"column":2},"end":{"line":42,"column":15}}},"fnMap":{"0":{"name":"(anonymous_0)","decl":{"start":{"line":5,"column":17},"end":{"line":5,"column":18}},"loc":{"start":{"line":5,"column":43},"end":{"line":43,"column":1}},"line":5},"1":{"name":"(anonymous_1)","decl":{"start":{"line":12,"column":4},"end":{"line":12,"column":5}},"loc":{"start":{"line":12,"column":29},"end":{"line":15,"column":5}},"line":12}},"branchMap":{},"s":{"0":5,"1":5,"2":5,"3":5,"4":5},"f":{"0":5,"1":5},"b":{},"_coverageSchema":"1a1c01bbd47fc00a2c39e90264f33305004495a9","hash":"6aa661afbfe2174d24523be4f1dddace48f5195a"}
,"/media/naughtymask/LinuxFile/Hacktiv8/p3/final-project/virtualweb-server/models/index.js": {"path":"/media/naughtymask/LinuxFile/Hacktiv8/p3/final-project/virtualweb-server/models/index.js","statementMap":{"0":{"start":{"line":3,"column":11},"end":{"line":3,"column":24}},"1":{"start":{"line":4,"column":13},"end":{"line":4,"column":28}},"2":{"start":{"line":5,"column":18},"end":{"line":5,"column":38}},"3":{"start":{"line":6,"column":17},"end":{"line":6,"column":42}},"4":{"start":{"line":7,"column":12},"end":{"line":7,"column":49}},"5":{"start":{"line":8,"column":15},"end":{"line":8,"column":63}},"6":{"start":{"line":9,"column":11},"end":{"line":9,"column":13}},"7":{"start":{"line":12,"column":0},"end":{"line":16,"column":1}},"8":{"start":{"line":13,"column":2},"end":{"line":13,"column":74}},"9":{"start":{"line":15,"column":2},"end":{"line":15,"column":87}},"10":{"start":{"line":18,"column":0},"end":{"line":26,"column":5}},"11":{"start":{"line":21,"column":4},"end":{"line":21,"column":90}},"12":{"start":{"line":24,"column":18},"end":{"line":24,"column":85}},"13":{"start":{"line":25,"column":4},"end":{"line":25,"column":27}},"14":{"start":{"line":28,"column":0},"end":{"line":32,"column":3}},"15":{"start":{"line":29,"column":2},"end":{"line":31,"column":3}},"16":{"start":{"line":30,"column":4},"end":{"line":30,"column":32}},"17":{"start":{"line":34,"column":0},"end":{"line":34,"column":25}},"18":{"start":{"line":35,"column":0},"end":{"line":35,"column":25}},"19":{"start":{"line":37,"column":0},"end":{"line":37,"column":20}}},"fnMap":{"0":{"name":"(anonymous_0)","decl":{"start":{"line":20,"column":10},"end":{"line":20,"column":11}},"loc":{"start":{"line":20,"column":18},"end":{"line":22,"column":3}},"line":20},"1":{"name":"(anonymous_1)","decl":{"start":{"line":23,"column":11},"end":{"line":23,"column":12}},"loc":{"start":{"line":23,"column":19},"end":{"line":26,"column":3}},"line":23},"2":{"name":"(anonymous_2)","decl":{"start":{"line":28,"column":24},"end":{"line":28,"column":25}},"loc":{"start":{"line":28,"column":37},"end":{"line":32,"column":1}},"line":28}},"branchMap":{"0":{"loc":{"start":{"line":7,"column":12},"end":{"line":7,"column":49}},"type":"binary-expr","locations":[{"start":{"line":7,"column":12},"end":{"line":7,"column":32}},{"start":{"line":7,"column":36},"end":{"line":7,"column":49}}],"line":7},"1":{"loc":{"start":{"line":12,"column":0},"end":{"line":16,"column":1}},"type":"if","locations":[{"start":{"line":12,"column":0},"end":{"line":16,"column":1}},{"start":{"line":12,"column":0},"end":{"line":16,"column":1}}],"line":12},"2":{"loc":{"start":{"line":21,"column":11},"end":{"line":21,"column":89}},"type":"binary-expr","locations":[{"start":{"line":21,"column":12},"end":{"line":21,"column":35}},{"start":{"line":21,"column":41},"end":{"line":21,"column":58}},{"start":{"line":21,"column":64},"end":{"line":21,"column":88}}],"line":21},"3":{"loc":{"start":{"line":29,"column":2},"end":{"line":31,"column":3}},"type":"if","locations":[{"start":{"line":29,"column":2},"end":{"line":31,"column":3}},{"start":{"line":29,"column":2},"end":{"line":31,"column":3}}],"line":29}},"s":{"0":5,"1":5,"2":5,"3":5,"4":5,"5":5,"6":5,"7":5,"8":0,"9":5,"10":5,"11":30,"12":25,"13":25,"14":5,"15":25,"16":25,"17":5,"18":5,"19":5},"f":{"0":30,"1":25,"2":25},"b":{"0":[5,0],"1":[0,5],"2":[30,30,25],"3":[25,0]},"_coverageSchema":"1a1c01bbd47fc00a2c39e90264f33305004495a9","hash":"70843656ecc51763217055c0478b08228af5fa29"}
,"/media/naughtymask/LinuxFile/Hacktiv8/p3/final-project/virtualweb-server/models/invitation.js": {"path":"/media/naughtymask/LinuxFile/Hacktiv8/p3/final-project/virtualweb-server/models/invitation.js","statementMap":{"0":{"start":{"line":4,"column":4},"end":{"line":4,"column":24}},"1":{"start":{"line":5,"column":0},"end":{"line":37,"column":2}},"2":{"start":{"line":14,"column":6},"end":{"line":14,"column":42}},"3":{"start":{"line":15,"column":6},"end":{"line":15,"column":40}},"4":{"start":{"line":18,"column":2},"end":{"line":35,"column":5}},"5":{"start":{"line":36,"column":2},"end":{"line":36,"column":20}}},"fnMap":{"0":{"name":"(anonymous_0)","decl":{"start":{"line":5,"column":17},"end":{"line":5,"column":18}},"loc":{"start":{"line":5,"column":43},"end":{"line":37,"column":1}},"line":5},"1":{"name":"(anonymous_1)","decl":{"start":{"line":12,"column":4},"end":{"line":12,"column":5}},"loc":{"start":{"line":12,"column":29},"end":{"line":16,"column":5}},"line":12}},"branchMap":{},"s":{"0":5,"1":5,"2":5,"3":5,"4":5,"5":5},"f":{"0":5,"1":5},"b":{},"_coverageSchema":"1a1c01bbd47fc00a2c39e90264f33305004495a9","hash":"a90ad1f0fc97031a194249ee4885b8408a6839ef"}
,"/media/naughtymask/LinuxFile/Hacktiv8/p3/final-project/virtualweb-server/models/user.js": {"path":"/media/naughtymask/LinuxFile/Hacktiv8/p3/final-project/virtualweb-server/models/user.js","statementMap":{"0":{"start":{"line":4,"column":4},"end":{"line":4,"column":24}},"1":{"start":{"line":5,"column":20},"end":{"line":5,"column":41}},"2":{"start":{"line":6,"column":0},"end":{"line":69,"column":2}},"3":{"start":{"line":15,"column":6},"end":{"line":15,"column":33}},"4":{"start":{"line":16,"column":6},"end":{"line":16,"column":32}},"5":{"start":{"line":19,"column":2},"end":{"line":67,"column":5}},"6":{"start":{"line":64,"column":8},"end":{"line":64,"column":54}},"7":{"start":{"line":68,"column":2},"end":{"line":68,"column":14}}},"fnMap":{"0":{"name":"(anonymous_0)","decl":{"start":{"line":6,"column":17},"end":{"line":6,"column":18}},"loc":{"start":{"line":6,"column":43},"end":{"line":69,"column":1}},"line":6},"1":{"name":"(anonymous_1)","decl":{"start":{"line":13,"column":4},"end":{"line":13,"column":5}},"loc":{"start":{"line":13,"column":29},"end":{"line":17,"column":5}},"line":13},"2":{"name":"(anonymous_2)","decl":{"start":{"line":63,"column":20},"end":{"line":63,"column":21}},"loc":{"start":{"line":63,"column":43},"end":{"line":65,"column":7}},"line":63}},"branchMap":{},"s":{"0":5,"1":5,"2":5,"3":5,"4":5,"5":5,"6":2,"7":5},"f":{"0":5,"1":5,"2":2},"b":{},"_coverageSchema":"1a1c01bbd47fc00a2c39e90264f33305004495a9","hash":"c803c9cd6b93c8c31d378a938f53ad5892e8340c"}
,"/media/naughtymask/LinuxFile/Hacktiv8/p3/final-project/virtualweb-server/models/wedding.js": {"path":"/media/naughtymask/LinuxFile/Hacktiv8/p3/final-project/virtualweb-server/models/wedding.js","statementMap":{"0":{"start":{"line":4,"column":4},"end":{"line":4,"column":24}},"1":{"start":{"line":5,"column":0},"end":{"line":83,"column":2}},"2":{"start":{"line":14,"column":6},"end":{"line":14,"column":36}},"3":{"start":{"line":15,"column":6},"end":{"line":15,"column":39}},"4":{"start":{"line":18,"column":2},"end":{"line":81,"column":5}},"5":{"start":{"line":30,"column":22},"end":{"line":30,"column":32}},"6":{"start":{"line":31,"column":21},"end":{"line":31,"column":61}},"7":{"start":{"line":32,"column":21},"end":{"line":32,"column":66}},"8":{"start":{"line":33,"column":23},"end":{"line":33,"column":42}},"9":{"start":{"line":35,"column":10},"end":{"line":35,"column":44}},"10":{"start":{"line":37,"column":25},"end":{"line":37,"column":39}},"11":{"start":{"line":38,"column":26},"end":{"line":38,"column":41}},"12":{"start":{"line":40,"column":10},"end":{"line":42,"column":11}},"13":{"start":{"line":41,"column":12},"end":{"line":41,"column":91}},"14":{"start":{"line":82,"column":2},"end":{"line":82,"column":17}}},"fnMap":{"0":{"name":"(anonymous_0)","decl":{"start":{"line":5,"column":17},"end":{"line":5,"column":18}},"loc":{"start":{"line":5,"column":43},"end":{"line":83,"column":1}},"line":5},"1":{"name":"(anonymous_1)","decl":{"start":{"line":12,"column":4},"end":{"line":12,"column":5}},"loc":{"start":{"line":12,"column":29},"end":{"line":16,"column":5}},"line":12},"2":{"name":"(anonymous_2)","decl":{"start":{"line":29,"column":8},"end":{"line":29,"column":9}},"loc":{"start":{"line":29,"column":21},"end":{"line":43,"column":9}},"line":29}},"branchMap":{"0":{"loc":{"start":{"line":40,"column":10},"end":{"line":42,"column":11}},"type":"if","locations":[{"start":{"line":40,"column":10},"end":{"line":42,"column":11}},{"start":{"line":40,"column":10},"end":{"line":42,"column":11}}],"line":40}},"s":{"0":5,"1":5,"2":5,"3":5,"4":5,"5":11,"6":11,"7":11,"8":11,"9":11,"10":11,"11":11,"12":11,"13":1,"14":5},"f":{"0":5,"1":5,"2":11},"b":{"0":[1,10]},"_coverageSchema":"1a1c01bbd47fc00a2c39e90264f33305004495a9","hash":"9c3cd3314cf297e05b41d5040d4edbcb5b6d729a"}
,"/media/naughtymask/LinuxFile/Hacktiv8/p3/final-project/virtualweb-server/routes/auth.js": {"path":"/media/naughtymask/LinuxFile/Hacktiv8/p3/final-project/virtualweb-server/routes/auth.js","statementMap":{"0":{"start":{"line":1,"column":15},"end":{"line":1,"column":42}},"1":{"start":{"line":2,"column":23},"end":{"line":2,"column":63}},"2":{"start":{"line":4,"column":0},"end":{"line":4,"column":49}},"3":{"start":{"line":5,"column":0},"end":{"line":5,"column":43}},"4":{"start":{"line":7,"column":0},"end":{"line":7,"column":23}}},"fnMap":{},"branchMap":{},"s":{"0":5,"1":5,"2":5,"3":5,"4":5},"f":{},"b":{},"_coverageSchema":"1a1c01bbd47fc00a2c39e90264f33305004495a9","hash":"e7adb828b576c1b4775bc8414dedadd20c759dc1"}
,"/media/naughtymask/LinuxFile/Hacktiv8/p3/final-project/virtualweb-server/routes/comment.js": {"path":"/media/naughtymask/LinuxFile/Hacktiv8/p3/final-project/virtualweb-server/routes/comment.js","statementMap":{"0":{"start":{"line":1,"column":15},"end":{"line":1,"column":42}},"1":{"start":{"line":2,"column":26},"end":{"line":2,"column":69}},"2":{"start":{"line":4,"column":0},"end":{"line":4,"column":42}},"3":{"start":{"line":5,"column":0},"end":{"line":5,"column":52}},"4":{"start":{"line":7,"column":0},"end":{"line":7,"column":23}}},"fnMap":{},"branchMap":{},"s":{"0":5,"1":5,"2":5,"3":5,"4":5},"f":{},"b":{},"_coverageSchema":"1a1c01bbd47fc00a2c39e90264f33305004495a9","hash":"4bd628800bbde0e3153c397be09283e1ba80b5a2"}
,"/media/naughtymask/LinuxFile/Hacktiv8/p3/final-project/virtualweb-server/routes/guest.js": {"path":"/media/naughtymask/LinuxFile/Hacktiv8/p3/final-project/virtualweb-server/routes/guest.js","statementMap":{"0":{"start":{"line":1,"column":15},"end":{"line":1,"column":42}},"1":{"start":{"line":2,"column":24},"end":{"line":2,"column":65}},"2":{"start":{"line":3,"column":27},"end":{"line":3,"column":57}},"3":{"start":{"line":5,"column":0},"end":{"line":5,"column":40}},"4":{"start":{"line":6,"column":0},"end":{"line":6,"column":40}},"5":{"start":{"line":7,"column":0},"end":{"line":7,"column":60}},"6":{"start":{"line":8,"column":0},"end":{"line":8,"column":56}},"7":{"start":{"line":9,"column":0},"end":{"line":9,"column":64}},"8":{"start":{"line":10,"column":0},"end":{"line":10,"column":61}},"9":{"start":{"line":12,"column":0},"end":{"line":12,"column":23}}},"fnMap":{},"branchMap":{},"s":{"0":5,"1":5,"2":5,"3":5,"4":5,"5":5,"6":5,"7":5,"8":5,"9":5},"f":{},"b":{},"_coverageSchema":"1a1c01bbd47fc00a2c39e90264f33305004495a9","hash":"38685f278e0e68fe755c91ffcee4224d27e2c30e"}
,"/media/naughtymask/LinuxFile/Hacktiv8/p3/final-project/virtualweb-server/routes/index.js": {"path":"/media/naughtymask/LinuxFile/Hacktiv8/p3/final-project/virtualweb-server/routes/index.js","statementMap":{"0":{"start":{"line":1,"column":15},"end":{"line":1,"column":42}},"1":{"start":{"line":2,"column":20},"end":{"line":2,"column":38}},"2":{"start":{"line":3,"column":19},"end":{"line":3,"column":36}},"3":{"start":{"line":4,"column":22},"end":{"line":4,"column":42}},"4":{"start":{"line":5,"column":25},"end":{"line":5,"column":48}},"5":{"start":{"line":6,"column":20},"end":{"line":6,"column":51}},"6":{"start":{"line":7,"column":22},"end":{"line":7,"column":42}},"7":{"start":{"line":8,"column":27},"end":{"line":8,"column":57}},"8":{"start":{"line":10,"column":0},"end":{"line":10,"column":27}},"9":{"start":{"line":11,"column":0},"end":{"line":11,"column":34}},"10":{"start":{"line":12,"column":0},"end":{"line":12,"column":38}},"11":{"start":{"line":13,"column":0},"end":{"line":13,"column":26}},"12":{"start":{"line":14,"column":0},"end":{"line":14,"column":34}},"13":{"start":{"line":15,"column":0},"end":{"line":15,"column":38}},"14":{"start":{"line":16,"column":0},"end":{"line":16,"column":44}},"15":{"start":{"line":18,"column":0},"end":{"line":18,"column":23}}},"fnMap":{},"branchMap":{},"s":{"0":5,"1":5,"2":5,"3":5,"4":5,"5":5,"6":5,"7":5,"8":5,"9":5,"10":5,"11":5,"12":5,"13":5,"14":5,"15":5},"f":{},"b":{},"_coverageSchema":"1a1c01bbd47fc00a2c39e90264f33305004495a9","hash":"b66a70816c5ac378c4791c460eed76711fe9b3b6"}
,"/media/naughtymask/LinuxFile/Hacktiv8/p3/final-project/virtualweb-server/routes/invitation.js": {"path":"/media/naughtymask/LinuxFile/Hacktiv8/p3/final-project/virtualweb-server/routes/invitation.js","statementMap":{"0":{"start":{"line":1,"column":29},"end":{"line":1,"column":75}},"1":{"start":{"line":2,"column":32},"end":{"line":2,"column":62}},"2":{"start":{"line":4,"column":15},"end":{"line":4,"column":42}},"3":{"start":{"line":6,"column":0},"end":{"line":6,"column":45}},"4":{"start":{"line":7,"column":0},"end":{"line":7,"column":66}},"5":{"start":{"line":10,"column":0},"end":{"line":10,"column":23}}},"fnMap":{},"branchMap":{},"s":{"0":5,"1":5,"2":5,"3":5,"4":5,"5":5},"f":{},"b":{},"_coverageSchema":"1a1c01bbd47fc00a2c39e90264f33305004495a9","hash":"9c2da3af0ad6c1fa5bcbc5ca5df94134fe8be163"}
,"/media/naughtymask/LinuxFile/Hacktiv8/p3/final-project/virtualweb-server/routes/invitationforguest.js": {"path":"/media/naughtymask/LinuxFile/Hacktiv8/p3/final-project/virtualweb-server/routes/invitationforguest.js","statementMap":{"0":{"start":{"line":1,"column":15},"end":{"line":1,"column":42}},"1":{"start":{"line":2,"column":19},"end":{"line":2,"column":65}},"2":{"start":{"line":4,"column":0},"end":{"line":4,"column":39}},"3":{"start":{"line":6,"column":0},"end":{"line":6,"column":23}}},"fnMap":{},"branchMap":{},"s":{"0":5,"1":5,"2":5,"3":5},"f":{},"b":{},"_coverageSchema":"1a1c01bbd47fc00a2c39e90264f33305004495a9","hash":"bae8058b0d9b90646a9a46362281d0538bc9b629"}
,"/media/naughtymask/LinuxFile/Hacktiv8/p3/final-project/virtualweb-server/routes/wedding.js": {"path":"/media/naughtymask/LinuxFile/Hacktiv8/p3/final-project/virtualweb-server/routes/wedding.js","statementMap":{"0":{"start":{"line":1,"column":15},"end":{"line":1,"column":42}},"1":{"start":{"line":2,"column":26},"end":{"line":2,"column":69}},"2":{"start":{"line":3,"column":29},"end":{"line":3,"column":59}},"3":{"start":{"line":5,"column":0},"end":{"line":5,"column":53}},"4":{"start":{"line":6,"column":0},"end":{"line":6,"column":53}},"5":{"start":{"line":7,"column":0},"end":{"line":7,"column":36}},"6":{"start":{"line":8,"column":0},"end":{"line":8,"column":73}},"7":{"start":{"line":9,"column":0},"end":{"line":9,"column":76}},"8":{"start":{"line":11,"column":0},"end":{"line":11,"column":23}}},"fnMap":{},"branchMap":{},"s":{"0":5,"1":5,"2":5,"3":5,"4":5,"5":5,"6":5,"7":5,"8":5},"f":{},"b":{},"_coverageSchema":"1a1c01bbd47fc00a2c39e90264f33305004495a9","hash":"c0154783c7a05d27a5222ce296bcd7ae7585ccb4"}
}
