{"/media/naughtymask/LinuxFile/Hacktiv8/p3/final-project/virtualweb-server/app.js": {"path":"/media/naughtymask/LinuxFile/Hacktiv8/p3/final-project/virtualweb-server/app.js","statementMap":{"0":{"start":{"line":1,"column":13},"end":{"line":1,"column":28}},"1":{"start":{"line":2,"column":16},"end":{"line":2,"column":34}},"2":{"start":{"line":3,"column":12},"end":{"line":3,"column":21}},"3":{"start":{"line":4,"column":15},"end":{"line":4,"column":40}},"4":{"start":{"line":5,"column":21},"end":{"line":5,"column":58}},"5":{"start":{"line":7,"column":0},"end":{"line":7,"column":15}},"6":{"start":{"line":8,"column":0},"end":{"line":8,"column":60}},"7":{"start":{"line":9,"column":0},"end":{"line":9,"column":38}},"8":{"start":{"line":10,"column":0},"end":{"line":10,"column":15}},"9":{"start":{"line":11,"column":0},"end":{"line":11,"column":21}},"10":{"start":{"line":13,"column":0},"end":{"line":13,"column":21}}},"fnMap":{},"branchMap":{},"s":{"0":3,"1":3,"2":3,"3":3,"4":3,"5":3,"6":3,"7":3,"8":3,"9":3,"10":3},"f":{},"b":{},"_coverageSchema":"1a1c01bbd47fc00a2c39e90264f33305004495a9","hash":"bd47a6e37ecaee442719a3b08d444a14e86cc833"}
,"/media/naughtymask/LinuxFile/Hacktiv8/p3/final-project/virtualweb-server/config/config.js": {"path":"/media/naughtymask/LinuxFile/Hacktiv8/p3/final-project/virtualweb-server/config/config.js","statementMap":{"0":{"start":{"line":1,"column":12},"end":{"line":1,"column":49}},"1":{"start":{"line":2,"column":22},"end":{"line":2,"column":39}},"2":{"start":{"line":4,"column":0},"end":{"line":4,"column":72}},"3":{"start":{"line":4,"column":45},"end":{"line":4,"column":72}},"4":{"start":{"line":6,"column":17},"end":{"line":6,"column":60}},"5":{"start":{"line":7,"column":17},"end":{"line":7,"column":60}},"6":{"start":{"line":8,"column":17},"end":{"line":8,"column":56}},"7":{"start":{"line":9,"column":13},"end":{"line":9,"column":52}},"8":{"start":{"line":10,"column":16},"end":{"line":10,"column":58}},"9":{"start":{"line":12,"column":0},"end":{"line":35,"column":1}}},"fnMap":{},"branchMap":{"0":{"loc":{"start":{"line":1,"column":12},"end":{"line":1,"column":49}},"type":"binary-expr","locations":[{"start":{"line":1,"column":12},"end":{"line":1,"column":32}},{"start":{"line":1,"column":36},"end":{"line":1,"column":49}}],"line":1},"1":{"loc":{"start":{"line":4,"column":0},"end":{"line":4,"column":72}},"type":"if","locations":[{"start":{"line":4,"column":0},"end":{"line":4,"column":72}},{"start":{"line":4,"column":0},"end":{"line":4,"column":72}}],"line":4},"2":{"loc":{"start":{"line":4,"column":4},"end":{"line":4,"column":43}},"type":"binary-expr","locations":[{"start":{"line":4,"column":4},"end":{"line":4,"column":25}},{"start":{"line":4,"column":29},"end":{"line":4,"column":43}}],"line":4}},"s":{"0":3,"1":3,"2":3,"3":3,"4":3,"5":3,"6":3,"7":3,"8":3,"9":3},"f":{},"b":{"0":[3,0],"1":[3,0],"2":[3,3]},"_coverageSchema":"1a1c01bbd47fc00a2c39e90264f33305004495a9","hash":"cc4b90e516e618217427b0be754fdad5f4cbc447"}
,"/media/naughtymask/LinuxFile/Hacktiv8/p3/final-project/virtualweb-server/controllers/CommentController.js": {"path":"/media/naughtymask/LinuxFile/Hacktiv8/p3/final-project/virtualweb-server/controllers/CommentController.js","statementMap":{"0":{"start":{"line":1,"column":29},"end":{"line":1,"column":49}},"1":{"start":{"line":5,"column":4},"end":{"line":15,"column":5}},"2":{"start":{"line":6,"column":21},"end":{"line":6,"column":32}},"3":{"start":{"line":7,"column":32},"end":{"line":7,"column":62}},"4":{"start":{"line":8,"column":23},"end":{"line":11,"column":8}},"5":{"start":{"line":12,"column":6},"end":{"line":12,"column":36}},"6":{"start":{"line":14,"column":6},"end":{"line":14,"column":15}},"7":{"start":{"line":19,"column":4},"end":{"line":30,"column":5}},"8":{"start":{"line":20,"column":57},"end":{"line":20,"column":65}},"9":{"start":{"line":21,"column":22},"end":{"line":26,"column":8}},"10":{"start":{"line":27,"column":6},"end":{"line":27,"column":35}},"11":{"start":{"line":29,"column":6},"end":{"line":29,"column":15}},"12":{"start":{"line":35,"column":0},"end":{"line":35,"column":34}}},"fnMap":{"0":{"name":"(anonymous_0)","decl":{"start":{"line":4,"column":2},"end":{"line":4,"column":3}},"loc":{"start":{"line":4,"column":40},"end":{"line":16,"column":3}},"line":4},"1":{"name":"(anonymous_1)","decl":{"start":{"line":18,"column":2},"end":{"line":18,"column":3}},"loc":{"start":{"line":18,"column":39},"end":{"line":31,"column":3}},"line":18}},"branchMap":{"0":{"loc":{"start":{"line":22,"column":14},"end":{"line":22,"column":24}},"type":"binary-expr","locations":[{"start":{"line":22,"column":14},"end":{"line":22,"column":18}},{"start":{"line":22,"column":22},"end":{"line":22,"column":24}}],"line":22},"1":{"loc":{"start":{"line":23,"column":22},"end":{"line":23,"column":40}},"type":"binary-expr","locations":[{"start":{"line":23,"column":22},"end":{"line":23,"column":34}},{"start":{"line":23,"column":38},"end":{"line":23,"column":40}}],"line":23},"2":{"loc":{"start":{"line":24,"column":17},"end":{"line":24,"column":30}},"type":"binary-expr","locations":[{"start":{"line":24,"column":17},"end":{"line":24,"column":24}},{"start":{"line":24,"column":28},"end":{"line":24,"column":30}}],"line":24}},"s":{"0":3,"1":0,"2":0,"3":0,"4":0,"5":0,"6":0,"7":0,"8":0,"9":0,"10":0,"11":0,"12":3},"f":{"0":0,"1":0},"b":{"0":[0,0],"1":[0,0],"2":[0,0]},"_coverageSchema":"1a1c01bbd47fc00a2c39e90264f33305004495a9","hash":"0753207720d2e40a6f6c96de2fea7ab262cd9c36"}
,"/media/naughtymask/LinuxFile/Hacktiv8/p3/final-project/virtualweb-server/controllers/GuestController.js": {"path":"/media/naughtymask/LinuxFile/Hacktiv8/p3/final-project/virtualweb-server/controllers/GuestController.js","statementMap":{"0":{"start":{"line":1,"column":27},"end":{"line":1,"column":47}},"1":{"start":{"line":5,"column":4},"end":{"line":14,"column":5}},"2":{"start":{"line":6,"column":21},"end":{"line":6,"column":32}},"3":{"start":{"line":7,"column":21},"end":{"line":10,"column":8}},"4":{"start":{"line":11,"column":6},"end":{"line":11,"column":34}},"5":{"start":{"line":13,"column":6},"end":{"line":13,"column":15}},"6":{"start":{"line":18,"column":4},"end":{"line":24,"column":5}},"7":{"start":{"line":19,"column":21},"end":{"line":19,"column":31}},"8":{"start":{"line":20,"column":20},"end":{"line":20,"column":44}},"9":{"start":{"line":21,"column":6},"end":{"line":21,"column":33}},"10":{"start":{"line":23,"column":6},"end":{"line":23,"column":15}},"11":{"start":{"line":28,"column":4},"end":{"line":41,"column":5}},"12":{"start":{"line":29,"column":21},"end":{"line":29,"column":32}},"13":{"start":{"line":30,"column":51},"end":{"line":30,"column":59}},"14":{"start":{"line":31,"column":20},"end":{"line":37,"column":8}},"15":{"start":{"line":38,"column":6},"end":{"line":38,"column":33}},"16":{"start":{"line":40,"column":6},"end":{"line":40,"column":15}},"17":{"start":{"line":45,"column":4},"end":{"line":59,"column":5}},"18":{"start":{"line":46,"column":21},"end":{"line":46,"column":31}},"19":{"start":{"line":47,"column":43},"end":{"line":47,"column":51}},"20":{"start":{"line":48,"column":20},"end":{"line":55,"column":8}},"21":{"start":{"line":56,"column":6},"end":{"line":56,"column":39}},"22":{"start":{"line":58,"column":6},"end":{"line":58,"column":15}},"23":{"start":{"line":63,"column":4},"end":{"line":74,"column":5}},"24":{"start":{"line":64,"column":21},"end":{"line":64,"column":31}},"25":{"start":{"line":65,"column":20},"end":{"line":70,"column":8}},"26":{"start":{"line":71,"column":6},"end":{"line":71,"column":39}},"27":{"start":{"line":73,"column":6},"end":{"line":73,"column":15}},"28":{"start":{"line":78,"column":4},"end":{"line":84,"column":5}},"29":{"start":{"line":79,"column":21},"end":{"line":79,"column":31}},"30":{"start":{"line":80,"column":6},"end":{"line":80,"column":40}},"31":{"start":{"line":81,"column":6},"end":{"line":81,"column":64}},"32":{"start":{"line":83,"column":6},"end":{"line":83,"column":15}},"33":{"start":{"line":88,"column":0},"end":{"line":88,"column":32}}},"fnMap":{"0":{"name":"(anonymous_0)","decl":{"start":{"line":4,"column":2},"end":{"line":4,"column":3}},"loc":{"start":{"line":4,"column":40},"end":{"line":15,"column":3}},"line":4},"1":{"name":"(anonymous_1)","decl":{"start":{"line":17,"column":2},"end":{"line":17,"column":3}},"loc":{"start":{"line":17,"column":41},"end":{"line":25,"column":3}},"line":17},"2":{"name":"(anonymous_2)","decl":{"start":{"line":27,"column":2},"end":{"line":27,"column":3}},"loc":{"start":{"line":27,"column":39},"end":{"line":42,"column":3}},"line":27},"3":{"name":"(anonymous_3)","decl":{"start":{"line":44,"column":2},"end":{"line":44,"column":3}},"loc":{"start":{"line":44,"column":37},"end":{"line":60,"column":3}},"line":44},"4":{"name":"(anonymous_4)","decl":{"start":{"line":62,"column":2},"end":{"line":62,"column":3}},"loc":{"start":{"line":62,"column":43},"end":{"line":75,"column":3}},"line":62},"5":{"name":"(anonymous_5)","decl":{"start":{"line":77,"column":2},"end":{"line":77,"column":3}},"loc":{"start":{"line":77,"column":39},"end":{"line":85,"column":3}},"line":77}},"branchMap":{"0":{"loc":{"start":{"line":32,"column":14},"end":{"line":32,"column":24}},"type":"binary-expr","locations":[{"start":{"line":32,"column":14},"end":{"line":32,"column":18}},{"start":{"line":32,"column":22},"end":{"line":32,"column":24}}],"line":32},"1":{"loc":{"start":{"line":33,"column":15},"end":{"line":33,"column":26}},"type":"binary-expr","locations":[{"start":{"line":33,"column":15},"end":{"line":33,"column":20}},{"start":{"line":33,"column":24},"end":{"line":33,"column":26}}],"line":33},"2":{"loc":{"start":{"line":34,"column":21},"end":{"line":34,"column":38}},"type":"binary-expr","locations":[{"start":{"line":34,"column":21},"end":{"line":34,"column":32}},{"start":{"line":34,"column":36},"end":{"line":34,"column":38}}],"line":34},"3":{"loc":{"start":{"line":35,"column":16},"end":{"line":35,"column":31}},"type":"binary-expr","locations":[{"start":{"line":35,"column":16},"end":{"line":35,"column":22}},{"start":{"line":35,"column":26},"end":{"line":35,"column":31}}],"line":35},"4":{"loc":{"start":{"line":49,"column":14},"end":{"line":49,"column":24}},"type":"binary-expr","locations":[{"start":{"line":49,"column":14},"end":{"line":49,"column":18}},{"start":{"line":49,"column":22},"end":{"line":49,"column":24}}],"line":49},"5":{"loc":{"start":{"line":50,"column":15},"end":{"line":50,"column":26}},"type":"binary-expr","locations":[{"start":{"line":50,"column":15},"end":{"line":50,"column":20}},{"start":{"line":50,"column":24},"end":{"line":50,"column":26}}],"line":50},"6":{"loc":{"start":{"line":51,"column":21},"end":{"line":51,"column":38}},"type":"binary-expr","locations":[{"start":{"line":51,"column":21},"end":{"line":51,"column":32}},{"start":{"line":51,"column":36},"end":{"line":51,"column":38}}],"line":51}},"s":{"0":3,"1":1,"2":1,"3":1,"4":1,"5":0,"6":1,"7":1,"8":1,"9":1,"10":0,"11":5,"12":5,"13":5,"14":5,"15":1,"16":4,"17":1,"18":1,"19":1,"20":1,"21":1,"22":0,"23":0,"24":0,"25":0,"26":0,"27":0,"28":1,"29":1,"30":1,"31":1,"32":0,"33":3},"f":{"0":1,"1":1,"2":5,"3":1,"4":0,"5":1},"b":{"0":[5,2],"1":[5,2],"2":[5,2],"3":[5,5],"4":[1,0],"5":[1,0],"6":[1,0]},"_coverageSchema":"1a1c01bbd47fc00a2c39e90264f33305004495a9","hash":"774f516bcec94437da5ead4bbc902b0709b9889f"}
,"/media/naughtymask/LinuxFile/Hacktiv8/p3/final-project/virtualweb-server/controllers/InvitationController.js": {"path":"/media/naughtymask/LinuxFile/Hacktiv8/p3/final-project/virtualweb-server/controllers/InvitationController.js","statementMap":{"0":{"start":{"line":1,"column":32},"end":{"line":1,"column":52}},"1":{"start":{"line":2,"column":19},"end":{"line":2,"column":51}},"2":{"start":{"line":6,"column":4},"end":{"line":13,"column":5}},"3":{"start":{"line":7,"column":21},"end":{"line":7,"column":32}},"4":{"start":{"line":8,"column":32},"end":{"line":8,"column":62}},"5":{"start":{"line":9,"column":25},"end":{"line":9,"column":73}},"6":{"start":{"line":10,"column":6},"end":{"line":10,"column":38}},"7":{"start":{"line":12,"column":6},"end":{"line":12,"column":15}},"8":{"start":{"line":17,"column":4},"end":{"line":49,"column":5}},"9":{"start":{"line":18,"column":21},"end":{"line":18,"column":31}},"10":{"start":{"line":24,"column":10},"end":{"line":24,"column":18}},"11":{"start":{"line":25,"column":42},"end":{"line":26,"column":28}},"12":{"start":{"line":27,"column":42},"end":{"line":28,"column":28}},"13":{"start":{"line":29,"column":20},"end":{"line":42,"column":7}},"14":{"start":{"line":43,"column":25},"end":{"line":45,"column":8}},"15":{"start":{"line":46,"column":6},"end":{"line":46,"column":44}},"16":{"start":{"line":48,"column":6},"end":{"line":48,"column":15}},"17":{"start":{"line":53,"column":0},"end":{"line":53,"column":37}}},"fnMap":{"0":{"name":"(anonymous_0)","decl":{"start":{"line":5,"column":2},"end":{"line":5,"column":3}},"loc":{"start":{"line":5,"column":39},"end":{"line":14,"column":3}},"line":5},"1":{"name":"(anonymous_1)","decl":{"start":{"line":16,"column":2},"end":{"line":16,"column":3}},"loc":{"start":{"line":16,"column":36},"end":{"line":50,"column":3}},"line":16}},"branchMap":{"0":{"loc":{"start":{"line":30,"column":23},"end":{"line":30,"column":42}},"type":"binary-expr","locations":[{"start":{"line":30,"column":23},"end":{"line":30,"column":36}},{"start":{"line":30,"column":40},"end":{"line":30,"column":42}}],"line":30},"1":{"loc":{"start":{"line":31,"column":23},"end":{"line":31,"column":42}},"type":"binary-expr","locations":[{"start":{"line":31,"column":23},"end":{"line":31,"column":36}},{"start":{"line":31,"column":40},"end":{"line":31,"column":42}}],"line":31},"2":{"loc":{"start":{"line":32,"column":15},"end":{"line":32,"column":26}},"type":"binary-expr","locations":[{"start":{"line":32,"column":15},"end":{"line":32,"column":20}},{"start":{"line":32,"column":24},"end":{"line":32,"column":26}}],"line":32},"3":{"loc":{"start":{"line":33,"column":15},"end":{"line":33,"column":26}},"type":"binary-expr","locations":[{"start":{"line":33,"column":15},"end":{"line":33,"column":20}},{"start":{"line":33,"column":24},"end":{"line":33,"column":26}}],"line":33},"4":{"loc":{"start":{"line":34,"column":23},"end":{"line":34,"column":60}},"type":"binary-expr","locations":[{"start":{"line":34,"column":23},"end":{"line":34,"column":54}},{"start":{"line":34,"column":58},"end":{"line":34,"column":60}}],"line":34},"5":{"loc":{"start":{"line":35,"column":23},"end":{"line":35,"column":60}},"type":"binary-expr","locations":[{"start":{"line":35,"column":23},"end":{"line":35,"column":54}},{"start":{"line":35,"column":58},"end":{"line":35,"column":60}}],"line":35},"6":{"loc":{"start":{"line":36,"column":18},"end":{"line":36,"column":32}},"type":"binary-expr","locations":[{"start":{"line":36,"column":18},"end":{"line":36,"column":26}},{"start":{"line":36,"column":30},"end":{"line":36,"column":32}}],"line":36},"7":{"loc":{"start":{"line":37,"column":25},"end":{"line":37,"column":46}},"type":"binary-expr","locations":[{"start":{"line":37,"column":25},"end":{"line":37,"column":40}},{"start":{"line":37,"column":44},"end":{"line":37,"column":46}}],"line":37},"8":{"loc":{"start":{"line":38,"column":19},"end":{"line":38,"column":34}},"type":"binary-expr","locations":[{"start":{"line":38,"column":19},"end":{"line":38,"column":28}},{"start":{"line":38,"column":32},"end":{"line":38,"column":34}}],"line":38},"9":{"loc":{"start":{"line":39,"column":20},"end":{"line":39,"column":36}},"type":"binary-expr","locations":[{"start":{"line":39,"column":20},"end":{"line":39,"column":30}},{"start":{"line":39,"column":34},"end":{"line":39,"column":36}}],"line":39},"10":{"loc":{"start":{"line":40,"column":20},"end":{"line":40,"column":36}},"type":"binary-expr","locations":[{"start":{"line":40,"column":20},"end":{"line":40,"column":30}},{"start":{"line":40,"column":34},"end":{"line":40,"column":36}}],"line":40},"11":{"loc":{"start":{"line":41,"column":20},"end":{"line":41,"column":36}},"type":"binary-expr","locations":[{"start":{"line":41,"column":20},"end":{"line":41,"column":30}},{"start":{"line":41,"column":34},"end":{"line":41,"column":36}}],"line":41}},"s":{"0":3,"1":3,"2":0,"3":0,"4":0,"5":0,"6":0,"7":0,"8":0,"9":0,"10":0,"11":0,"12":0,"13":0,"14":0,"15":0,"16":0,"17":3},"f":{"0":0,"1":0},"b":{"0":[0,0],"1":[0,0],"2":[0,0],"3":[0,0],"4":[0,0],"5":[0,0],"6":[0,0],"7":[0,0],"8":[0,0],"9":[0,0],"10":[0,0],"11":[0,0]},"_coverageSchema":"1a1c01bbd47fc00a2c39e90264f33305004495a9","hash":"d3d54348956747c1414efe6b098be54c8e97eb99"}
,"/media/naughtymask/LinuxFile/Hacktiv8/p3/final-project/virtualweb-server/controllers/UserController.js": {"path":"/media/naughtymask/LinuxFile/Hacktiv8/p3/final-project/virtualweb-server/controllers/UserController.js","statementMap":{"0":{"start":{"line":1,"column":17},"end":{"line":1,"column":37}},"1":{"start":{"line":2,"column":23},"end":{"line":2,"column":51}},"2":{"start":{"line":3,"column":26},"end":{"line":3,"column":51}},"3":{"start":{"line":7,"column":4},"end":{"line":24,"column":5}},"4":{"start":{"line":8,"column":53},"end":{"line":8,"column":61}},"5":{"start":{"line":10,"column":19},"end":{"line":15,"column":8}},"6":{"start":{"line":16,"column":6},"end":{"line":21,"column":8}},"7":{"start":{"line":23,"column":6},"end":{"line":23,"column":15}},"8":{"start":{"line":28,"column":4},"end":{"line":52,"column":5}},"9":{"start":{"line":29,"column":34},"end":{"line":29,"column":42}},"10":{"start":{"line":30,"column":6},"end":{"line":30,"column":74}},"11":{"start":{"line":30,"column":31},"end":{"line":30,"column":74}},"12":{"start":{"line":32,"column":19},"end":{"line":32,"column":57}},"13":{"start":{"line":33,"column":6},"end":{"line":49,"column":7}},"14":{"start":{"line":34,"column":8},"end":{"line":34,"column":44}},"15":{"start":{"line":36,"column":27},"end":{"line":36,"column":62}},"16":{"start":{"line":37,"column":8},"end":{"line":48,"column":9}},"17":{"start":{"line":38,"column":10},"end":{"line":38,"column":46}},"18":{"start":{"line":40,"column":26},"end":{"line":40,"column":60}},"19":{"start":{"line":41,"column":31},"end":{"line":41,"column":53}},"20":{"start":{"line":42,"column":10},"end":{"line":47,"column":12}},"21":{"start":{"line":51,"column":6},"end":{"line":51,"column":15}},"22":{"start":{"line":56,"column":0},"end":{"line":56,"column":31}}},"fnMap":{"0":{"name":"(anonymous_0)","decl":{"start":{"line":6,"column":2},"end":{"line":6,"column":3}},"loc":{"start":{"line":6,"column":40},"end":{"line":25,"column":3}},"line":6},"1":{"name":"(anonymous_1)","decl":{"start":{"line":27,"column":2},"end":{"line":27,"column":3}},"loc":{"start":{"line":27,"column":37},"end":{"line":53,"column":3}},"line":27}},"branchMap":{"0":{"loc":{"start":{"line":11,"column":14},"end":{"line":11,"column":24}},"type":"binary-expr","locations":[{"start":{"line":11,"column":14},"end":{"line":11,"column":18}},{"start":{"line":11,"column":22},"end":{"line":11,"column":24}}],"line":11},"1":{"loc":{"start":{"line":12,"column":15},"end":{"line":12,"column":26}},"type":"binary-expr","locations":[{"start":{"line":12,"column":15},"end":{"line":12,"column":20}},{"start":{"line":12,"column":24},"end":{"line":12,"column":26}}],"line":12},"2":{"loc":{"start":{"line":13,"column":18},"end":{"line":13,"column":32}},"type":"binary-expr","locations":[{"start":{"line":13,"column":18},"end":{"line":13,"column":26}},{"start":{"line":13,"column":30},"end":{"line":13,"column":32}}],"line":13},"3":{"loc":{"start":{"line":14,"column":21},"end":{"line":14,"column":38}},"type":"binary-expr","locations":[{"start":{"line":14,"column":21},"end":{"line":14,"column":32}},{"start":{"line":14,"column":36},"end":{"line":14,"column":38}}],"line":14},"4":{"loc":{"start":{"line":30,"column":6},"end":{"line":30,"column":74}},"type":"if","locations":[{"start":{"line":30,"column":6},"end":{"line":30,"column":74}},{"start":{"line":30,"column":6},"end":{"line":30,"column":74}}],"line":30},"5":{"loc":{"start":{"line":30,"column":10},"end":{"line":30,"column":29}},"type":"binary-expr","locations":[{"start":{"line":30,"column":10},"end":{"line":30,"column":16}},{"start":{"line":30,"column":20},"end":{"line":30,"column":29}}],"line":30},"6":{"loc":{"start":{"line":33,"column":6},"end":{"line":49,"column":7}},"type":"if","locations":[{"start":{"line":33,"column":6},"end":{"line":49,"column":7}},{"start":{"line":33,"column":6},"end":{"line":49,"column":7}}],"line":33},"7":{"loc":{"start":{"line":37,"column":8},"end":{"line":48,"column":9}},"type":"if","locations":[{"start":{"line":37,"column":8},"end":{"line":48,"column":9}},{"start":{"line":37,"column":8},"end":{"line":48,"column":9}}],"line":37}},"s":{"0":3,"1":3,"2":3,"3":6,"4":6,"5":6,"6":1,"7":5,"8":6,"9":6,"10":6,"11":3,"12":3,"13":3,"14":1,"15":2,"16":2,"17":1,"18":1,"19":1,"20":1,"21":0,"22":3},"f":{"0":6,"1":6},"b":{"0":[6,2],"1":[6,2],"2":[6,2],"3":[6,2],"4":[3,3],"5":[6,4],"6":[1,2],"7":[1,1]},"_coverageSchema":"1a1c01bbd47fc00a2c39e90264f33305004495a9","hash":"f330b68b2b0731c29dddb01a27906e68a0af4851"}
,"/media/naughtymask/LinuxFile/Hacktiv8/p3/final-project/virtualweb-server/controllers/WeddingController.js": {"path":"/media/naughtymask/LinuxFile/Hacktiv8/p3/final-project/virtualweb-server/controllers/WeddingController.js","statementMap":{"0":{"start":{"line":1,"column":32},"end":{"line":1,"column":52}},"1":{"start":{"line":2,"column":19},"end":{"line":2,"column":51}},"2":{"start":{"line":6,"column":4},"end":{"line":14,"column":5}},"3":{"start":{"line":7,"column":21},"end":{"line":7,"column":32}},"4":{"start":{"line":8,"column":19},"end":{"line":10,"column":8}},"5":{"start":{"line":11,"column":6},"end":{"line":11,"column":38}},"6":{"start":{"line":13,"column":6},"end":{"line":13,"column":17}},"7":{"start":{"line":18,"column":4},"end":{"line":42,"column":5}},"8":{"start":{"line":19,"column":21},"end":{"line":19,"column":32}},"9":{"start":{"line":20,"column":89},"end":{"line":20,"column":97}},"10":{"start":{"line":21,"column":34},"end":{"line":22,"column":23}},"11":{"start":{"line":23,"column":34},"end":{"line":24,"column":23}},"12":{"start":{"line":25,"column":22},"end":{"line":36,"column":7}},"13":{"start":{"line":37,"column":28},"end":{"line":37,"column":57}},"14":{"start":{"line":38,"column":6},"end":{"line":38,"column":81}},"15":{"start":{"line":38,"column":25},"end":{"line":38,"column":81}},"16":{"start":{"line":39,"column":6},"end":{"line":39,"column":41}},"17":{"start":{"line":41,"column":6},"end":{"line":41,"column":17}},"18":{"start":{"line":46,"column":4},"end":{"line":69,"column":5}},"19":{"start":{"line":47,"column":21},"end":{"line":47,"column":31}},"20":{"start":{"line":48,"column":89},"end":{"line":48,"column":97}},"21":{"start":{"line":49,"column":34},"end":{"line":50,"column":23}},"22":{"start":{"line":51,"column":34},"end":{"line":52,"column":23}},"23":{"start":{"line":53,"column":23},"end":{"line":62,"column":7}},"24":{"start":{"line":63,"column":25},"end":{"line":65,"column":8}},"25":{"start":{"line":66,"column":6},"end":{"line":66,"column":44}},"26":{"start":{"line":68,"column":6},"end":{"line":68,"column":17}},"27":{"start":{"line":73,"column":4},"end":{"line":79,"column":5}},"28":{"start":{"line":74,"column":21},"end":{"line":74,"column":31}},"29":{"start":{"line":75,"column":6},"end":{"line":75,"column":46}},"30":{"start":{"line":76,"column":6},"end":{"line":76,"column":58}},"31":{"start":{"line":78,"column":6},"end":{"line":78,"column":17}},"32":{"start":{"line":83,"column":0},"end":{"line":83,"column":34}}},"fnMap":{"0":{"name":"(anonymous_0)","decl":{"start":{"line":5,"column":2},"end":{"line":5,"column":3}},"loc":{"start":{"line":5,"column":50},"end":{"line":15,"column":3}},"line":5},"1":{"name":"(anonymous_1)","decl":{"start":{"line":17,"column":2},"end":{"line":17,"column":3}},"loc":{"start":{"line":17,"column":49},"end":{"line":43,"column":3}},"line":17},"2":{"name":"(anonymous_2)","decl":{"start":{"line":45,"column":2},"end":{"line":45,"column":3}},"loc":{"start":{"line":45,"column":49},"end":{"line":70,"column":3}},"line":45},"3":{"name":"(anonymous_3)","decl":{"start":{"line":72,"column":2},"end":{"line":72,"column":3}},"loc":{"start":{"line":72,"column":49},"end":{"line":80,"column":3}},"line":72}},"branchMap":{"0":{"loc":{"start":{"line":11,"column":27},"end":{"line":11,"column":37}},"type":"binary-expr","locations":[{"start":{"line":11,"column":27},"end":{"line":11,"column":31}},{"start":{"line":11,"column":35},"end":{"line":11,"column":37}}],"line":11},"1":{"loc":{"start":{"line":27,"column":15},"end":{"line":27,"column":26}},"type":"binary-expr","locations":[{"start":{"line":27,"column":15},"end":{"line":27,"column":20}},{"start":{"line":27,"column":24},"end":{"line":27,"column":26}}],"line":27},"2":{"loc":{"start":{"line":28,"column":14},"end":{"line":28,"column":24}},"type":"binary-expr","locations":[{"start":{"line":28,"column":14},"end":{"line":28,"column":18}},{"start":{"line":28,"column":22},"end":{"line":28,"column":24}}],"line":28},"3":{"loc":{"start":{"line":29,"column":17},"end":{"line":29,"column":30}},"type":"binary-expr","locations":[{"start":{"line":29,"column":17},"end":{"line":29,"column":24}},{"start":{"line":29,"column":28},"end":{"line":29,"column":30}}],"line":29},"4":{"loc":{"start":{"line":30,"column":19},"end":{"line":30,"column":34}},"type":"binary-expr","locations":[{"start":{"line":30,"column":19},"end":{"line":30,"column":28}},{"start":{"line":30,"column":32},"end":{"line":30,"column":34}}],"line":30},"5":{"loc":{"start":{"line":31,"column":19},"end":{"line":31,"column":34}},"type":"binary-expr","locations":[{"start":{"line":31,"column":19},"end":{"line":31,"column":28}},{"start":{"line":31,"column":32},"end":{"line":31,"column":34}}],"line":31},"6":{"loc":{"start":{"line":32,"column":18},"end":{"line":32,"column":47}},"type":"binary-expr","locations":[{"start":{"line":32,"column":18},"end":{"line":32,"column":41}},{"start":{"line":32,"column":45},"end":{"line":32,"column":47}}],"line":32},"7":{"loc":{"start":{"line":33,"column":18},"end":{"line":33,"column":47}},"type":"binary-expr","locations":[{"start":{"line":33,"column":18},"end":{"line":33,"column":41}},{"start":{"line":33,"column":45},"end":{"line":33,"column":47}}],"line":33},"8":{"loc":{"start":{"line":34,"column":16},"end":{"line":34,"column":31}},"type":"binary-expr","locations":[{"start":{"line":34,"column":16},"end":{"line":34,"column":22}},{"start":{"line":34,"column":26},"end":{"line":34,"column":31}}],"line":34},"9":{"loc":{"start":{"line":38,"column":6},"end":{"line":38,"column":81}},"type":"if","locations":[{"start":{"line":38,"column":6},"end":{"line":38,"column":81}},{"start":{"line":38,"column":6},"end":{"line":38,"column":81}}],"line":38},"10":{"loc":{"start":{"line":54,"column":15},"end":{"line":54,"column":26}},"type":"binary-expr","locations":[{"start":{"line":54,"column":15},"end":{"line":54,"column":20}},{"start":{"line":54,"column":24},"end":{"line":54,"column":26}}],"line":54},"11":{"loc":{"start":{"line":55,"column":14},"end":{"line":55,"column":24}},"type":"binary-expr","locations":[{"start":{"line":55,"column":14},"end":{"line":55,"column":18}},{"start":{"line":55,"column":22},"end":{"line":55,"column":24}}],"line":55},"12":{"loc":{"start":{"line":56,"column":17},"end":{"line":56,"column":30}},"type":"binary-expr","locations":[{"start":{"line":56,"column":17},"end":{"line":56,"column":24}},{"start":{"line":56,"column":28},"end":{"line":56,"column":30}}],"line":56},"13":{"loc":{"start":{"line":57,"column":19},"end":{"line":57,"column":34}},"type":"binary-expr","locations":[{"start":{"line":57,"column":19},"end":{"line":57,"column":28}},{"start":{"line":57,"column":32},"end":{"line":57,"column":34}}],"line":57},"14":{"loc":{"start":{"line":58,"column":19},"end":{"line":58,"column":34}},"type":"binary-expr","locations":[{"start":{"line":58,"column":19},"end":{"line":58,"column":28}},{"start":{"line":58,"column":32},"end":{"line":58,"column":34}}],"line":58},"15":{"loc":{"start":{"line":59,"column":18},"end":{"line":59,"column":32}},"type":"binary-expr","locations":[{"start":{"line":59,"column":18},"end":{"line":59,"column":26}},{"start":{"line":59,"column":30},"end":{"line":59,"column":32}}],"line":59},"16":{"loc":{"start":{"line":60,"column":18},"end":{"line":60,"column":32}},"type":"binary-expr","locations":[{"start":{"line":60,"column":18},"end":{"line":60,"column":26}},{"start":{"line":60,"column":30},"end":{"line":60,"column":32}}],"line":60},"17":{"loc":{"start":{"line":61,"column":16},"end":{"line":61,"column":31}},"type":"binary-expr","locations":[{"start":{"line":61,"column":16},"end":{"line":61,"column":22}},{"start":{"line":61,"column":26},"end":{"line":61,"column":31}}],"line":61}},"s":{"0":3,"1":3,"2":1,"3":1,"4":1,"5":1,"6":0,"7":11,"8":11,"9":11,"10":11,"11":0,"12":0,"13":0,"14":0,"15":0,"16":0,"17":11,"18":1,"19":1,"20":1,"21":1,"22":0,"23":0,"24":0,"25":0,"26":1,"27":1,"28":1,"29":1,"30":1,"31":0,"32":3},"f":{"0":1,"1":11,"2":1,"3":1},"b":{"0":[1,1],"1":[0,0],"2":[0,0],"3":[0,0],"4":[0,0],"5":[0,0],"6":[0,0],"7":[0,0],"8":[0,0],"9":[0,0],"10":[0,0],"11":[0,0],"12":[0,0],"13":[0,0],"14":[0,0],"15":[0,0],"16":[0,0],"17":[0,0]},"_coverageSchema":"1a1c01bbd47fc00a2c39e90264f33305004495a9","hash":"f162568b34a3c7477cfb3827e945cc1b2f2af506"}
,"/media/naughtymask/LinuxFile/Hacktiv8/p3/final-project/virtualweb-server/helpers/bcrypt.js": {"path":"/media/naughtymask/LinuxFile/Hacktiv8/p3/final-project/virtualweb-server/helpers/bcrypt.js","statementMap":{"0":{"start":{"line":1,"column":15},"end":{"line":1,"column":34}},"1":{"start":{"line":3,"column":16},"end":{"line":7,"column":1}},"2":{"start":{"line":4,"column":15},"end":{"line":4,"column":37}},"3":{"start":{"line":5,"column":15},"end":{"line":5,"column":46}},"4":{"start":{"line":6,"column":2},"end":{"line":6,"column":13}},"5":{"start":{"line":9,"column":19},"end":{"line":12,"column":1}},"6":{"start":{"line":10,"column":21},"end":{"line":10,"column":60}},"7":{"start":{"line":11,"column":2},"end":{"line":11,"column":19}},"8":{"start":{"line":14,"column":0},"end":{"line":14,"column":40}}},"fnMap":{"0":{"name":"(anonymous_0)","decl":{"start":{"line":3,"column":16},"end":{"line":3,"column":17}},"loc":{"start":{"line":3,"column":28},"end":{"line":7,"column":1}},"line":3},"1":{"name":"(anonymous_1)","decl":{"start":{"line":9,"column":19},"end":{"line":9,"column":20}},"loc":{"start":{"line":9,"column":44},"end":{"line":12,"column":1}},"line":9}},"branchMap":{},"s":{"0":3,"1":3,"2":10,"3":10,"4":10,"5":3,"6":2,"7":2,"8":3},"f":{"0":10,"1":2},"b":{},"_coverageSchema":"1a1c01bbd47fc00a2c39e90264f33305004495a9","hash":"89bbd1dad4f5fc73f0949456111899d2a23eee43"}
,"/media/naughtymask/LinuxFile/Hacktiv8/p3/final-project/virtualweb-server/helpers/cloudinary.js": {"path":"/media/naughtymask/LinuxFile/Hacktiv8/p3/final-project/virtualweb-server/helpers/cloudinary.js","statementMap":{"0":{"start":{"line":1,"column":19},"end":{"line":1,"column":43}},"1":{"start":{"line":2,"column":0},"end":{"line":6,"column":2}},"2":{"start":{"line":8,"column":0},"end":{"line":8,"column":27}}},"fnMap":{},"branchMap":{},"s":{"0":3,"1":3,"2":3},"f":{},"b":{},"_coverageSchema":"1a1c01bbd47fc00a2c39e90264f33305004495a9","hash":"da50a6b5c13f8bc77f4ce083d6e4cc17b6b63802"}
,"/media/naughtymask/LinuxFile/Hacktiv8/p3/final-project/virtualweb-server/helpers/jwt.js": {"path":"/media/naughtymask/LinuxFile/Hacktiv8/p3/final-project/virtualweb-server/helpers/jwt.js","statementMap":{"0":{"start":{"line":1,"column":12},"end":{"line":1,"column":35}},"1":{"start":{"line":2,"column":23},"end":{"line":2,"column":34}},"2":{"start":{"line":4,"column":22},"end":{"line":7,"column":1}},"3":{"start":{"line":5,"column":16},"end":{"line":5,"column":45}},"4":{"start":{"line":6,"column":2},"end":{"line":6,"column":14}},"5":{"start":{"line":9,"column":20},"end":{"line":12,"column":1}},"6":{"start":{"line":10,"column":21},"end":{"line":10,"column":50}},"7":{"start":{"line":11,"column":2},"end":{"line":11,"column":19}},"8":{"start":{"line":14,"column":0},"end":{"line":14,"column":47}}},"fnMap":{"0":{"name":"(anonymous_0)","decl":{"start":{"line":4,"column":22},"end":{"line":4,"column":23}},"loc":{"start":{"line":4,"column":33},"end":{"line":7,"column":1}},"line":4},"1":{"name":"(anonymous_1)","decl":{"start":{"line":9,"column":20},"end":{"line":9,"column":21}},"loc":{"start":{"line":9,"column":29},"end":{"line":12,"column":1}},"line":9}},"branchMap":{},"s":{"0":3,"1":3,"2":3,"3":5,"4":5,"5":3,"6":51,"7":42,"8":3},"f":{"0":5,"1":51},"b":{},"_coverageSchema":"1a1c01bbd47fc00a2c39e90264f33305004495a9","hash":"be165b9d6e9f7b9c4424de837e120484e39ebe4a"}
,"/media/naughtymask/LinuxFile/Hacktiv8/p3/final-project/virtualweb-server/middlewares/auth.js": {"path":"/media/naughtymask/LinuxFile/Hacktiv8/p3/final-project/virtualweb-server/middlewares/auth.js","statementMap":{"0":{"start":{"line":1,"column":24},"end":{"line":1,"column":49}},"1":{"start":{"line":2,"column":45},"end":{"line":2,"column":65}},"2":{"start":{"line":5,"column":2},"end":{"line":18,"column":3}},"3":{"start":{"line":6,"column":20},"end":{"line":6,"column":57}},"4":{"start":{"line":7,"column":17},"end":{"line":9,"column":6}},"5":{"start":{"line":10,"column":4},"end":{"line":15,"column":5}},"6":{"start":{"line":11,"column":6},"end":{"line":11,"column":41}},"7":{"start":{"line":13,"column":6},"end":{"line":13,"column":51}},"8":{"start":{"line":14,"column":6},"end":{"line":14,"column":12}},"9":{"start":{"line":17,"column":4},"end":{"line":17,"column":13}},"10":{"start":{"line":21,"column":23},"end":{"line":40,"column":1}},"11":{"start":{"line":22,"column":2},"end":{"line":39,"column":3}},"12":{"start":{"line":23,"column":19},"end":{"line":23,"column":29}},"13":{"start":{"line":24,"column":19},"end":{"line":24,"column":30}},"14":{"start":{"line":25,"column":18},"end":{"line":27,"column":6}},"15":{"start":{"line":28,"column":4},"end":{"line":36,"column":5}},"16":{"start":{"line":29,"column":6},"end":{"line":33,"column":7}},"17":{"start":{"line":30,"column":8},"end":{"line":30,"column":14}},"18":{"start":{"line":32,"column":8},"end":{"line":32,"column":38}},"19":{"start":{"line":35,"column":6},"end":{"line":35,"column":35}},"20":{"start":{"line":38,"column":4},"end":{"line":38,"column":13}},"21":{"start":{"line":42,"column":25},"end":{"line":61,"column":1}},"22":{"start":{"line":43,"column":2},"end":{"line":60,"column":3}},"23":{"start":{"line":44,"column":19},"end":{"line":44,"column":29}},"24":{"start":{"line":45,"column":19},"end":{"line":45,"column":30}},"25":{"start":{"line":46,"column":20},"end":{"line":48,"column":6}},"26":{"start":{"line":49,"column":4},"end":{"line":57,"column":5}},"27":{"start":{"line":50,"column":6},"end":{"line":54,"column":7}},"28":{"start":{"line":51,"column":8},"end":{"line":51,"column":14}},"29":{"start":{"line":53,"column":8},"end":{"line":53,"column":38}},"30":{"start":{"line":56,"column":6},"end":{"line":56,"column":35}},"31":{"start":{"line":59,"column":4},"end":{"line":59,"column":13}},"32":{"start":{"line":63,"column":28},"end":{"line":85,"column":1}},"33":{"start":{"line":64,"column":2},"end":{"line":84,"column":3}},"34":{"start":{"line":65,"column":19},"end":{"line":65,"column":29}},"35":{"start":{"line":66,"column":19},"end":{"line":66,"column":30}},"36":{"start":{"line":67,"column":20},"end":{"line":69,"column":6}},"37":{"start":{"line":70,"column":23},"end":{"line":72,"column":6}},"38":{"start":{"line":73,"column":4},"end":{"line":81,"column":5}},"39":{"start":{"line":74,"column":6},"end":{"line":78,"column":7}},"40":{"start":{"line":75,"column":8},"end":{"line":75,"column":14}},"41":{"start":{"line":77,"column":8},"end":{"line":77,"column":38}},"42":{"start":{"line":80,"column":6},"end":{"line":80,"column":35}},"43":{"start":{"line":83,"column":4},"end":{"line":83,"column":13}},"44":{"start":{"line":87,"column":0},"end":{"line":87,"column":90}}},"fnMap":{"0":{"name":"authentication","decl":{"start":{"line":4,"column":15},"end":{"line":4,"column":29}},"loc":{"start":{"line":4,"column":46},"end":{"line":19,"column":1}},"line":4},"1":{"name":"(anonymous_1)","decl":{"start":{"line":21,"column":23},"end":{"line":21,"column":24}},"loc":{"start":{"line":21,"column":47},"end":{"line":40,"column":1}},"line":21},"2":{"name":"(anonymous_2)","decl":{"start":{"line":42,"column":25},"end":{"line":42,"column":26}},"loc":{"start":{"line":42,"column":49},"end":{"line":61,"column":1}},"line":42},"3":{"name":"(anonymous_3)","decl":{"start":{"line":63,"column":28},"end":{"line":63,"column":29}},"loc":{"start":{"line":63,"column":52},"end":{"line":85,"column":1}},"line":63}},"branchMap":{"0":{"loc":{"start":{"line":10,"column":4},"end":{"line":15,"column":5}},"type":"if","locations":[{"start":{"line":10,"column":4},"end":{"line":15,"column":5}},{"start":{"line":10,"column":4},"end":{"line":15,"column":5}}],"line":10},"1":{"loc":{"start":{"line":28,"column":4},"end":{"line":36,"column":5}},"type":"if","locations":[{"start":{"line":28,"column":4},"end":{"line":36,"column":5}},{"start":{"line":28,"column":4},"end":{"line":36,"column":5}}],"line":28},"2":{"loc":{"start":{"line":29,"column":6},"end":{"line":33,"column":7}},"type":"if","locations":[{"start":{"line":29,"column":6},"end":{"line":33,"column":7}},{"start":{"line":29,"column":6},"end":{"line":33,"column":7}}],"line":29},"3":{"loc":{"start":{"line":49,"column":4},"end":{"line":57,"column":5}},"type":"if","locations":[{"start":{"line":49,"column":4},"end":{"line":57,"column":5}},{"start":{"line":49,"column":4},"end":{"line":57,"column":5}}],"line":49},"4":{"loc":{"start":{"line":50,"column":6},"end":{"line":54,"column":7}},"type":"if","locations":[{"start":{"line":50,"column":6},"end":{"line":54,"column":7}},{"start":{"line":50,"column":6},"end":{"line":54,"column":7}}],"line":50},"5":{"loc":{"start":{"line":73,"column":4},"end":{"line":81,"column":5}},"type":"if","locations":[{"start":{"line":73,"column":4},"end":{"line":81,"column":5}},{"start":{"line":73,"column":4},"end":{"line":81,"column":5}}],"line":73},"6":{"loc":{"start":{"line":74,"column":6},"end":{"line":78,"column":7}},"type":"if","locations":[{"start":{"line":74,"column":6},"end":{"line":78,"column":7}},{"start":{"line":74,"column":6},"end":{"line":78,"column":7}}],"line":74}},"s":{"0":3,"1":3,"2":51,"3":51,"4":42,"5":42,"6":9,"7":33,"8":33,"9":9,"10":3,"11":9,"12":9,"13":9,"14":9,"15":9,"16":6,"17":3,"18":3,"19":3,"20":0,"21":3,"22":8,"23":8,"24":8,"25":8,"26":8,"27":6,"28":4,"29":2,"30":2,"31":0,"32":3,"33":0,"34":0,"35":0,"36":0,"37":0,"38":0,"39":0,"40":0,"41":0,"42":0,"43":0,"44":3},"f":{"0":51,"1":9,"2":8,"3":0},"b":{"0":[9,33],"1":[6,3],"2":[3,3],"3":[6,2],"4":[4,2],"5":[0,0],"6":[0,0]},"_coverageSchema":"1a1c01bbd47fc00a2c39e90264f33305004495a9","hash":"6604c6546ad932fd055c8c27bf074c13fb86623c"}
,"/media/naughtymask/LinuxFile/Hacktiv8/p3/final-project/virtualweb-server/middlewares/errorHandler.js": {"path":"/media/naughtymask/LinuxFile/Hacktiv8/p3/final-project/virtualweb-server/middlewares/errorHandler.js","statementMap":{"0":{"start":{"line":1,"column":21},"end":{"line":43,"column":1}},"1":{"start":{"line":2,"column":17},"end":{"line":8,"column":3}},"2":{"start":{"line":3,"column":4},"end":{"line":7,"column":6}},"3":{"start":{"line":9,"column":2},"end":{"line":42,"column":3}},"4":{"start":{"line":10,"column":4},"end":{"line":41,"column":5}},"5":{"start":{"line":12,"column":8},"end":{"line":12,"column":49}},"6":{"start":{"line":12,"column":38},"end":{"line":12,"column":47}},"7":{"start":{"line":13,"column":8},"end":{"line":13,"column":14}},"8":{"start":{"line":15,"column":8},"end":{"line":15,"column":49}},"9":{"start":{"line":15,"column":38},"end":{"line":15,"column":47}},"10":{"start":{"line":16,"column":8},"end":{"line":16,"column":14}},"11":{"start":{"line":18,"column":8},"end":{"line":18,"column":45}},"12":{"start":{"line":19,"column":8},"end":{"line":19,"column":14}},"13":{"start":{"line":21,"column":8},"end":{"line":21,"column":46}},"14":{"start":{"line":22,"column":8},"end":{"line":22,"column":14}},"15":{"start":{"line":24,"column":8},"end":{"line":24,"column":43}},"16":{"start":{"line":25,"column":8},"end":{"line":25,"column":14}},"17":{"start":{"line":27,"column":8},"end":{"line":27,"column":46}},"18":{"start":{"line":28,"column":8},"end":{"line":28,"column":14}},"19":{"start":{"line":30,"column":8},"end":{"line":30,"column":33}},"20":{"start":{"line":31,"column":8},"end":{"line":31,"column":14}},"21":{"start":{"line":33,"column":8},"end":{"line":33,"column":32}},"22":{"start":{"line":34,"column":8},"end":{"line":34,"column":14}},"23":{"start":{"line":36,"column":8},"end":{"line":39,"column":10}},"24":{"start":{"line":40,"column":8},"end":{"line":40,"column":14}},"25":{"start":{"line":45,"column":0},"end":{"line":45,"column":29}}},"fnMap":{"0":{"name":"(anonymous_0)","decl":{"start":{"line":1,"column":21},"end":{"line":1,"column":22}},"loc":{"start":{"line":1,"column":43},"end":{"line":43,"column":1}},"line":1},"1":{"name":"(anonymous_1)","decl":{"start":{"line":2,"column":17},"end":{"line":2,"column":18}},"loc":{"start":{"line":2,"column":36},"end":{"line":8,"column":3}},"line":2},"2":{"name":"(anonymous_2)","decl":{"start":{"line":12,"column":35},"end":{"line":12,"column":36}},"loc":{"start":{"line":12,"column":38},"end":{"line":12,"column":47}},"line":12},"3":{"name":"(anonymous_3)","decl":{"start":{"line":15,"column":35},"end":{"line":15,"column":36}},"loc":{"start":{"line":15,"column":38},"end":{"line":15,"column":47}},"line":15}},"branchMap":{"0":{"loc":{"start":{"line":9,"column":2},"end":{"line":42,"column":3}},"type":"if","locations":[{"start":{"line":9,"column":2},"end":{"line":42,"column":3}},{"start":{"line":9,"column":2},"end":{"line":42,"column":3}}],"line":9},"1":{"loc":{"start":{"line":10,"column":4},"end":{"line":41,"column":5}},"type":"switch","locations":[{"start":{"line":11,"column":6},"end":{"line":13,"column":14}},{"start":{"line":14,"column":6},"end":{"line":16,"column":14}},{"start":{"line":17,"column":6},"end":{"line":19,"column":14}},{"start":{"line":20,"column":6},"end":{"line":22,"column":14}},{"start":{"line":23,"column":6},"end":{"line":25,"column":14}},{"start":{"line":26,"column":6},"end":{"line":28,"column":14}},{"start":{"line":29,"column":6},"end":{"line":31,"column":14}},{"start":{"line":32,"column":6},"end":{"line":34,"column":14}},{"start":{"line":35,"column":6},"end":{"line":40,"column":14}}],"line":10}},"s":{"0":3,"1":54,"2":33,"3":54,"4":54,"5":9,"6":18,"7":9,"8":0,"9":0,"10":0,"11":5,"12":5,"13":9,"14":9,"15":5,"16":5,"17":0,"18":0,"19":0,"20":0,"21":5,"22":5,"23":21,"24":21,"25":3},"f":{"0":54,"1":33,"2":18,"3":0},"b":{"0":[54,0],"1":[9,0,5,9,5,0,0,5,21]},"_coverageSchema":"1a1c01bbd47fc00a2c39e90264f33305004495a9","hash":"c19769cba79d6abef33ccdab284b4257cb58d1ea"}
,"/media/naughtymask/LinuxFile/Hacktiv8/p3/final-project/virtualweb-server/models/comment.js": {"path":"/media/naughtymask/LinuxFile/Hacktiv8/p3/final-project/virtualweb-server/models/comment.js","statementMap":{"0":{"start":{"line":4,"column":4},"end":{"line":4,"column":24}},"1":{"start":{"line":5,"column":0},"end":{"line":27,"column":2}},"2":{"start":{"line":14,"column":6},"end":{"line":14,"column":39}},"3":{"start":{"line":17,"column":2},"end":{"line":25,"column":5}},"4":{"start":{"line":26,"column":2},"end":{"line":26,"column":17}}},"fnMap":{"0":{"name":"(anonymous_0)","decl":{"start":{"line":5,"column":17},"end":{"line":5,"column":18}},"loc":{"start":{"line":5,"column":43},"end":{"line":27,"column":1}},"line":5},"1":{"name":"(anonymous_1)","decl":{"start":{"line":12,"column":4},"end":{"line":12,"column":5}},"loc":{"start":{"line":12,"column":29},"end":{"line":15,"column":5}},"line":12}},"branchMap":{},"s":{"0":3,"1":3,"2":3,"3":3,"4":3},"f":{"0":3,"1":3},"b":{},"_coverageSchema":"1a1c01bbd47fc00a2c39e90264f33305004495a9","hash":"2f4c0df39ffe08a00baa63e9d3fb73764a624e60"}
,"/media/naughtymask/LinuxFile/Hacktiv8/p3/final-project/virtualweb-server/models/guest.js": {"path":"/media/naughtymask/LinuxFile/Hacktiv8/p3/final-project/virtualweb-server/models/guest.js","statementMap":{"0":{"start":{"line":4,"column":4},"end":{"line":4,"column":24}},"1":{"start":{"line":5,"column":0},"end":{"line":43,"column":2}},"2":{"start":{"line":14,"column":6},"end":{"line":14,"column":34}},"3":{"start":{"line":17,"column":2},"end":{"line":41,"column":5}},"4":{"start":{"line":42,"column":2},"end":{"line":42,"column":15}}},"fnMap":{"0":{"name":"(anonymous_0)","decl":{"start":{"line":5,"column":17},"end":{"line":5,"column":18}},"loc":{"start":{"line":5,"column":43},"end":{"line":43,"column":1}},"line":5},"1":{"name":"(anonymous_1)","decl":{"start":{"line":12,"column":4},"end":{"line":12,"column":5}},"loc":{"start":{"line":12,"column":29},"end":{"line":15,"column":5}},"line":12}},"branchMap":{},"s":{"0":3,"1":3,"2":3,"3":3,"4":3},"f":{"0":3,"1":3},"b":{},"_coverageSchema":"1a1c01bbd47fc00a2c39e90264f33305004495a9","hash":"6aa661afbfe2174d24523be4f1dddace48f5195a"}
,"/media/naughtymask/LinuxFile/Hacktiv8/p3/final-project/virtualweb-server/models/index.js": {"path":"/media/naughtymask/LinuxFile/Hacktiv8/p3/final-project/virtualweb-server/models/index.js","statementMap":{"0":{"start":{"line":3,"column":11},"end":{"line":3,"column":24}},"1":{"start":{"line":4,"column":13},"end":{"line":4,"column":28}},"2":{"start":{"line":5,"column":18},"end":{"line":5,"column":38}},"3":{"start":{"line":6,"column":17},"end":{"line":6,"column":42}},"4":{"start":{"line":7,"column":12},"end":{"line":7,"column":49}},"5":{"start":{"line":8,"column":15},"end":{"line":8,"column":63}},"6":{"start":{"line":9,"column":11},"end":{"line":9,"column":13}},"7":{"start":{"line":12,"column":0},"end":{"line":16,"column":1}},"8":{"start":{"line":13,"column":2},"end":{"line":13,"column":74}},"9":{"start":{"line":15,"column":2},"end":{"line":15,"column":87}},"10":{"start":{"line":18,"column":0},"end":{"line":26,"column":5}},"11":{"start":{"line":21,"column":4},"end":{"line":21,"column":90}},"12":{"start":{"line":24,"column":18},"end":{"line":24,"column":85}},"13":{"start":{"line":25,"column":4},"end":{"line":25,"column":27}},"14":{"start":{"line":28,"column":0},"end":{"line":32,"column":3}},"15":{"start":{"line":29,"column":2},"end":{"line":31,"column":3}},"16":{"start":{"line":30,"column":4},"end":{"line":30,"column":32}},"17":{"start":{"line":34,"column":0},"end":{"line":34,"column":25}},"18":{"start":{"line":35,"column":0},"end":{"line":35,"column":25}},"19":{"start":{"line":37,"column":0},"end":{"line":37,"column":20}}},"fnMap":{"0":{"name":"(anonymous_0)","decl":{"start":{"line":20,"column":10},"end":{"line":20,"column":11}},"loc":{"start":{"line":20,"column":18},"end":{"line":22,"column":3}},"line":20},"1":{"name":"(anonymous_1)","decl":{"start":{"line":23,"column":11},"end":{"line":23,"column":12}},"loc":{"start":{"line":23,"column":19},"end":{"line":26,"column":3}},"line":23},"2":{"name":"(anonymous_2)","decl":{"start":{"line":28,"column":24},"end":{"line":28,"column":25}},"loc":{"start":{"line":28,"column":37},"end":{"line":32,"column":1}},"line":28}},"branchMap":{"0":{"loc":{"start":{"line":7,"column":12},"end":{"line":7,"column":49}},"type":"binary-expr","locations":[{"start":{"line":7,"column":12},"end":{"line":7,"column":32}},{"start":{"line":7,"column":36},"end":{"line":7,"column":49}}],"line":7},"1":{"loc":{"start":{"line":12,"column":0},"end":{"line":16,"column":1}},"type":"if","locations":[{"start":{"line":12,"column":0},"end":{"line":16,"column":1}},{"start":{"line":12,"column":0},"end":{"line":16,"column":1}}],"line":12},"2":{"loc":{"start":{"line":21,"column":11},"end":{"line":21,"column":89}},"type":"binary-expr","locations":[{"start":{"line":21,"column":12},"end":{"line":21,"column":35}},{"start":{"line":21,"column":41},"end":{"line":21,"column":58}},{"start":{"line":21,"column":64},"end":{"line":21,"column":88}}],"line":21},"3":{"loc":{"start":{"line":29,"column":2},"end":{"line":31,"column":3}},"type":"if","locations":[{"start":{"line":29,"column":2},"end":{"line":31,"column":3}},{"start":{"line":29,"column":2},"end":{"line":31,"column":3}}],"line":29}},"s":{"0":3,"1":3,"2":3,"3":3,"4":3,"5":3,"6":3,"7":3,"8":0,"9":3,"10":3,"11":18,"12":15,"13":15,"14":3,"15":15,"16":15,"17":3,"18":3,"19":3},"f":{"0":18,"1":15,"2":15},"b":{"0":[3,0],"1":[0,3],"2":[18,18,15],"3":[15,0]},"_coverageSchema":"1a1c01bbd47fc00a2c39e90264f33305004495a9","hash":"70843656ecc51763217055c0478b08228af5fa29"}
,"/media/naughtymask/LinuxFile/Hacktiv8/p3/final-project/virtualweb-server/models/invitation.js": {"path":"/media/naughtymask/LinuxFile/Hacktiv8/p3/final-project/virtualweb-server/models/invitation.js","statementMap":{"0":{"start":{"line":4,"column":4},"end":{"line":4,"column":24}},"1":{"start":{"line":5,"column":0},"end":{"line":36,"column":2}},"2":{"start":{"line":14,"column":6},"end":{"line":14,"column":42}},"3":{"start":{"line":17,"column":2},"end":{"line":34,"column":5}},"4":{"start":{"line":35,"column":2},"end":{"line":35,"column":20}}},"fnMap":{"0":{"name":"(anonymous_0)","decl":{"start":{"line":5,"column":17},"end":{"line":5,"column":18}},"loc":{"start":{"line":5,"column":43},"end":{"line":36,"column":1}},"line":5},"1":{"name":"(anonymous_1)","decl":{"start":{"line":12,"column":4},"end":{"line":12,"column":5}},"loc":{"start":{"line":12,"column":29},"end":{"line":15,"column":5}},"line":12}},"branchMap":{},"s":{"0":3,"1":3,"2":3,"3":3,"4":3},"f":{"0":3,"1":3},"b":{},"_coverageSchema":"1a1c01bbd47fc00a2c39e90264f33305004495a9","hash":"64d729dc74d84998ee9d8fffe940fa786a096ca7"}
,"/media/naughtymask/LinuxFile/Hacktiv8/p3/final-project/virtualweb-server/models/user.js": {"path":"/media/naughtymask/LinuxFile/Hacktiv8/p3/final-project/virtualweb-server/models/user.js","statementMap":{"0":{"start":{"line":4,"column":4},"end":{"line":4,"column":24}},"1":{"start":{"line":5,"column":20},"end":{"line":5,"column":49}},"2":{"start":{"line":6,"column":0},"end":{"line":70,"column":2}},"3":{"start":{"line":15,"column":6},"end":{"line":15,"column":33}},"4":{"start":{"line":16,"column":6},"end":{"line":16,"column":32}},"5":{"start":{"line":17,"column":6},"end":{"line":17,"column":34}},"6":{"start":{"line":20,"column":2},"end":{"line":68,"column":5}},"7":{"start":{"line":65,"column":8},"end":{"line":65,"column":54}},"8":{"start":{"line":69,"column":2},"end":{"line":69,"column":14}}},"fnMap":{"0":{"name":"(anonymous_0)","decl":{"start":{"line":6,"column":17},"end":{"line":6,"column":18}},"loc":{"start":{"line":6,"column":43},"end":{"line":70,"column":1}},"line":6},"1":{"name":"(anonymous_1)","decl":{"start":{"line":13,"column":4},"end":{"line":13,"column":5}},"loc":{"start":{"line":13,"column":29},"end":{"line":18,"column":5}},"line":13},"2":{"name":"(anonymous_2)","decl":{"start":{"line":64,"column":20},"end":{"line":64,"column":21}},"loc":{"start":{"line":64,"column":43},"end":{"line":66,"column":7}},"line":64}},"branchMap":{},"s":{"0":3,"1":3,"2":3,"3":3,"4":3,"5":3,"6":3,"7":1,"8":3},"f":{"0":3,"1":3,"2":1},"b":{},"_coverageSchema":"1a1c01bbd47fc00a2c39e90264f33305004495a9","hash":"995bd913c1544856ea6274be063cabcfb6ccbbd0"}
,"/media/naughtymask/LinuxFile/Hacktiv8/p3/final-project/virtualweb-server/models/wedding.js": {"path":"/media/naughtymask/LinuxFile/Hacktiv8/p3/final-project/virtualweb-server/models/wedding.js","statementMap":{"0":{"start":{"line":4,"column":4},"end":{"line":4,"column":24}},"1":{"start":{"line":5,"column":0},"end":{"line":83,"column":2}},"2":{"start":{"line":14,"column":6},"end":{"line":14,"column":36}},"3":{"start":{"line":15,"column":6},"end":{"line":15,"column":39}},"4":{"start":{"line":18,"column":2},"end":{"line":81,"column":5}},"5":{"start":{"line":30,"column":22},"end":{"line":30,"column":32}},"6":{"start":{"line":31,"column":21},"end":{"line":31,"column":61}},"7":{"start":{"line":32,"column":21},"end":{"line":32,"column":66}},"8":{"start":{"line":33,"column":23},"end":{"line":33,"column":42}},"9":{"start":{"line":35,"column":10},"end":{"line":35,"column":44}},"10":{"start":{"line":37,"column":25},"end":{"line":37,"column":39}},"11":{"start":{"line":38,"column":26},"end":{"line":38,"column":41}},"12":{"start":{"line":40,"column":10},"end":{"line":42,"column":11}},"13":{"start":{"line":41,"column":12},"end":{"line":41,"column":91}},"14":{"start":{"line":82,"column":2},"end":{"line":82,"column":17}}},"fnMap":{"0":{"name":"(anonymous_0)","decl":{"start":{"line":5,"column":17},"end":{"line":5,"column":18}},"loc":{"start":{"line":5,"column":43},"end":{"line":83,"column":1}},"line":5},"1":{"name":"(anonymous_1)","decl":{"start":{"line":12,"column":4},"end":{"line":12,"column":5}},"loc":{"start":{"line":12,"column":29},"end":{"line":16,"column":5}},"line":12},"2":{"name":"(anonymous_2)","decl":{"start":{"line":29,"column":8},"end":{"line":29,"column":9}},"loc":{"start":{"line":29,"column":21},"end":{"line":43,"column":9}},"line":29}},"branchMap":{"0":{"loc":{"start":{"line":40,"column":10},"end":{"line":42,"column":11}},"type":"if","locations":[{"start":{"line":40,"column":10},"end":{"line":42,"column":11}},{"start":{"line":40,"column":10},"end":{"line":42,"column":11}}],"line":40}},"s":{"0":3,"1":3,"2":3,"3":3,"4":3,"5":0,"6":0,"7":0,"8":0,"9":0,"10":0,"11":0,"12":0,"13":0,"14":3},"f":{"0":3,"1":3,"2":0},"b":{"0":[0,0]},"_coverageSchema":"1a1c01bbd47fc00a2c39e90264f33305004495a9","hash":"9c3cd3314cf297e05b41d5040d4edbcb5b6d729a"}
,"/media/naughtymask/LinuxFile/Hacktiv8/p3/final-project/virtualweb-server/routes/auth.js": {"path":"/media/naughtymask/LinuxFile/Hacktiv8/p3/final-project/virtualweb-server/routes/auth.js","statementMap":{"0":{"start":{"line":1,"column":15},"end":{"line":1,"column":42}},"1":{"start":{"line":2,"column":23},"end":{"line":2,"column":63}},"2":{"start":{"line":4,"column":0},"end":{"line":4,"column":49}},"3":{"start":{"line":5,"column":0},"end":{"line":5,"column":43}},"4":{"start":{"line":7,"column":0},"end":{"line":7,"column":23}}},"fnMap":{},"branchMap":{},"s":{"0":3,"1":3,"2":3,"3":3,"4":3},"f":{},"b":{},"_coverageSchema":"1a1c01bbd47fc00a2c39e90264f33305004495a9","hash":"e7adb828b576c1b4775bc8414dedadd20c759dc1"}
,"/media/naughtymask/LinuxFile/Hacktiv8/p3/final-project/virtualweb-server/routes/comment.js": {"path":"/media/naughtymask/LinuxFile/Hacktiv8/p3/final-project/virtualweb-server/routes/comment.js","statementMap":{"0":{"start":{"line":1,"column":15},"end":{"line":1,"column":42}},"1":{"start":{"line":2,"column":26},"end":{"line":2,"column":69}},"2":{"start":{"line":4,"column":0},"end":{"line":4,"column":42}},"3":{"start":{"line":5,"column":0},"end":{"line":5,"column":42}},"4":{"start":{"line":7,"column":0},"end":{"line":7,"column":23}}},"fnMap":{},"branchMap":{},"s":{"0":3,"1":3,"2":3,"3":3,"4":3},"f":{},"b":{},"_coverageSchema":"1a1c01bbd47fc00a2c39e90264f33305004495a9","hash":"2479add6a88a4fb4b96f595d1141281f30fcc9a3"}
,"/media/naughtymask/LinuxFile/Hacktiv8/p3/final-project/virtualweb-server/routes/guest.js": {"path":"/media/naughtymask/LinuxFile/Hacktiv8/p3/final-project/virtualweb-server/routes/guest.js","statementMap":{"0":{"start":{"line":1,"column":15},"end":{"line":1,"column":42}},"1":{"start":{"line":2,"column":24},"end":{"line":2,"column":65}},"2":{"start":{"line":3,"column":27},"end":{"line":3,"column":57}},"3":{"start":{"line":5,"column":0},"end":{"line":5,"column":40}},"4":{"start":{"line":6,"column":0},"end":{"line":6,"column":40}},"5":{"start":{"line":7,"column":0},"end":{"line":7,"column":60}},"6":{"start":{"line":8,"column":0},"end":{"line":8,"column":56}},"7":{"start":{"line":9,"column":0},"end":{"line":9,"column":64}},"8":{"start":{"line":10,"column":0},"end":{"line":10,"column":61}},"9":{"start":{"line":12,"column":0},"end":{"line":12,"column":23}}},"fnMap":{},"branchMap":{},"s":{"0":3,"1":3,"2":3,"3":3,"4":3,"5":3,"6":3,"7":3,"8":3,"9":3},"f":{},"b":{},"_coverageSchema":"1a1c01bbd47fc00a2c39e90264f33305004495a9","hash":"38685f278e0e68fe755c91ffcee4224d27e2c30e"}
,"/media/naughtymask/LinuxFile/Hacktiv8/p3/final-project/virtualweb-server/routes/index.js": {"path":"/media/naughtymask/LinuxFile/Hacktiv8/p3/final-project/virtualweb-server/routes/index.js","statementMap":{"0":{"start":{"line":1,"column":15},"end":{"line":1,"column":42}},"1":{"start":{"line":2,"column":20},"end":{"line":2,"column":38}},"2":{"start":{"line":3,"column":19},"end":{"line":3,"column":36}},"3":{"start":{"line":4,"column":22},"end":{"line":4,"column":42}},"4":{"start":{"line":5,"column":25},"end":{"line":5,"column":48}},"5":{"start":{"line":6,"column":22},"end":{"line":6,"column":42}},"6":{"start":{"line":7,"column":27},"end":{"line":7,"column":57}},"7":{"start":{"line":9,"column":0},"end":{"line":9,"column":27}},"8":{"start":{"line":10,"column":0},"end":{"line":10,"column":26}},"9":{"start":{"line":11,"column":0},"end":{"line":11,"column":34}},"10":{"start":{"line":12,"column":0},"end":{"line":12,"column":38}},"11":{"start":{"line":13,"column":0},"end":{"line":13,"column":44}},"12":{"start":{"line":14,"column":0},"end":{"line":14,"column":38}},"13":{"start":{"line":16,"column":0},"end":{"line":16,"column":23}}},"fnMap":{},"branchMap":{},"s":{"0":3,"1":3,"2":3,"3":3,"4":3,"5":3,"6":3,"7":3,"8":3,"9":3,"10":3,"11":3,"12":3,"13":3},"f":{},"b":{},"_coverageSchema":"1a1c01bbd47fc00a2c39e90264f33305004495a9","hash":"c39700fec9c93afda1cfa309dd8b5716d105be4e"}
,"/media/naughtymask/LinuxFile/Hacktiv8/p3/final-project/virtualweb-server/routes/invitation.js": {"path":"/media/naughtymask/LinuxFile/Hacktiv8/p3/final-project/virtualweb-server/routes/invitation.js","statementMap":{"0":{"start":{"line":1,"column":29},"end":{"line":1,"column":75}},"1":{"start":{"line":2,"column":32},"end":{"line":2,"column":62}},"2":{"start":{"line":4,"column":15},"end":{"line":4,"column":42}},"3":{"start":{"line":6,"column":0},"end":{"line":6,"column":45}},"4":{"start":{"line":7,"column":0},"end":{"line":7,"column":66}},"5":{"start":{"line":10,"column":0},"end":{"line":10,"column":23}}},"fnMap":{},"branchMap":{},"s":{"0":3,"1":3,"2":3,"3":3,"4":3,"5":3},"f":{},"b":{},"_coverageSchema":"1a1c01bbd47fc00a2c39e90264f33305004495a9","hash":"9c2da3af0ad6c1fa5bcbc5ca5df94134fe8be163"}
,"/media/naughtymask/LinuxFile/Hacktiv8/p3/final-project/virtualweb-server/routes/wedding.js": {"path":"/media/naughtymask/LinuxFile/Hacktiv8/p3/final-project/virtualweb-server/routes/wedding.js","statementMap":{"0":{"start":{"line":1,"column":15},"end":{"line":1,"column":42}},"1":{"start":{"line":2,"column":26},"end":{"line":2,"column":69}},"2":{"start":{"line":3,"column":29},"end":{"line":3,"column":59}},"3":{"start":{"line":5,"column":0},"end":{"line":5,"column":53}},"4":{"start":{"line":6,"column":0},"end":{"line":6,"column":53}},"5":{"start":{"line":7,"column":0},"end":{"line":7,"column":36}},"6":{"start":{"line":8,"column":0},"end":{"line":8,"column":73}},"7":{"start":{"line":9,"column":0},"end":{"line":9,"column":76}},"8":{"start":{"line":11,"column":0},"end":{"line":11,"column":23}}},"fnMap":{},"branchMap":{},"s":{"0":3,"1":3,"2":3,"3":3,"4":3,"5":3,"6":3,"7":3,"8":3},"f":{},"b":{},"_coverageSchema":"1a1c01bbd47fc00a2c39e90264f33305004495a9","hash":"c0154783c7a05d27a5222ce296bcd7ae7585ccb4"}
}
