TN:
SF:app.js
FNF:0
FNH:0
DA:1,3
DA:2,3
DA:3,3
DA:4,3
DA:5,3
DA:7,3
DA:8,3
DA:9,3
DA:10,3
DA:11,3
DA:13,3
LF:11
LH:11
BRF:0
BRH:0
end_of_record
TN:
SF:config/config.js
FNF:0
FNH:0
DA:1,3
DA:2,3
DA:4,3
DA:6,3
DA:7,3
DA:8,3
DA:9,3
DA:10,3
DA:12,3
LF:9
LH:9
BRDA:1,0,0,3
BRDA:1,0,1,0
BRDA:4,1,0,3
BRDA:4,1,1,0
BRDA:4,2,0,3
BRDA:4,2,1,3
BRF:6
BRH:4
end_of_record
TN:
SF:controllers/CommentController.js
FN:4,(anonymous_0)
FN:18,(anonymous_1)
FNF:2
FNH:0
FNDA:0,(anonymous_0)
FNDA:0,(anonymous_1)
DA:1,3
DA:5,0
DA:6,0
DA:7,0
DA:8,0
DA:12,0
DA:14,0
DA:19,0
DA:20,0
DA:21,0
DA:27,0
DA:29,0
DA:35,3
LF:13
LH:2
BRDA:22,0,0,0
BRDA:22,0,1,0
BRDA:23,1,0,0
BRDA:23,1,1,0
BRDA:24,2,0,0
BRDA:24,2,1,0
BRF:6
BRH:0
end_of_record
TN:
SF:controllers/GuestController.js
FN:4,(anonymous_0)
FN:17,(anonymous_1)
FN:27,(anonymous_2)
FN:44,(anonymous_3)
FN:62,(anonymous_4)
FN:77,(anonymous_5)
FNF:6
FNH:5
FNDA:1,(anonymous_0)
FNDA:1,(anonymous_1)
FNDA:5,(anonymous_2)
FNDA:1,(anonymous_3)
FNDA:0,(anonymous_4)
FNDA:1,(anonymous_5)
DA:1,3
DA:5,1
DA:6,1
DA:7,1
DA:11,1
DA:13,0
DA:18,1
DA:19,1
DA:20,1
DA:21,1
DA:23,0
DA:28,5
DA:29,5
DA:30,5
DA:31,5
DA:38,1
DA:40,4
DA:45,1
DA:46,1
DA:47,1
DA:48,1
DA:56,1
DA:58,0
DA:63,0
DA:64,0
DA:65,0
DA:71,0
DA:73,0
DA:78,1
DA:79,1
DA:80,1
DA:81,1
DA:83,0
DA:88,3
LF:34
LH:25
BRDA:32,0,0,5
BRDA:32,0,1,2
BRDA:33,1,0,5
BRDA:33,1,1,2
BRDA:34,2,0,5
BRDA:34,2,1,2
BRDA:35,3,0,5
BRDA:35,3,1,5
BRDA:49,4,0,1
BRDA:49,4,1,0
BRDA:50,5,0,1
BRDA:50,5,1,0
BRDA:51,6,0,1
BRDA:51,6,1,0
BRF:14
BRH:11
end_of_record
TN:
SF:controllers/InvitationController.js
FN:5,(anonymous_0)
FN:16,(anonymous_1)
FNF:2
FNH:0
FNDA:0,(anonymous_0)
FNDA:0,(anonymous_1)
DA:1,3
DA:2,3
DA:6,0
DA:7,0
DA:8,0
DA:9,0
DA:10,0
DA:12,0
DA:17,0
DA:18,0
DA:24,0
DA:25,0
DA:27,0
DA:29,0
DA:43,0
DA:46,0
DA:48,0
DA:53,3
LF:18
LH:3
BRDA:30,0,0,0
BRDA:30,0,1,0
BRDA:31,1,0,0
BRDA:31,1,1,0
BRDA:32,2,0,0
BRDA:32,2,1,0
BRDA:33,3,0,0
BRDA:33,3,1,0
BRDA:34,4,0,0
BRDA:34,4,1,0
BRDA:35,5,0,0
BRDA:35,5,1,0
BRDA:36,6,0,0
BRDA:36,6,1,0
BRDA:37,7,0,0
BRDA:37,7,1,0
BRDA:38,8,0,0
BRDA:38,8,1,0
BRDA:39,9,0,0
BRDA:39,9,1,0
BRDA:40,10,0,0
BRDA:40,10,1,0
BRDA:41,11,0,0
BRDA:41,11,1,0
BRF:24
BRH:0
end_of_record
TN:
SF:controllers/UserController.js
FN:6,(anonymous_0)
FN:27,(anonymous_1)
FNF:2
FNH:2
FNDA:6,(anonymous_0)
FNDA:6,(anonymous_1)
DA:1,3
DA:2,3
DA:3,3
DA:7,6
DA:8,6
DA:10,6
DA:16,1
DA:23,5
DA:28,6
DA:29,6
DA:30,6
DA:32,3
DA:33,3
DA:34,1
DA:36,2
DA:37,2
DA:38,1
DA:40,1
DA:41,1
DA:42,1
DA:51,0
DA:56,3
LF:22
LH:21
BRDA:11,0,0,6
BRDA:11,0,1,2
BRDA:12,1,0,6
BRDA:12,1,1,2
BRDA:13,2,0,6
BRDA:13,2,1,2
BRDA:14,3,0,6
BRDA:14,3,1,2
BRDA:30,4,0,3
BRDA:30,4,1,3
BRDA:30,5,0,6
BRDA:30,5,1,4
BRDA:33,6,0,1
BRDA:33,6,1,2
BRDA:37,7,0,1
BRDA:37,7,1,1
BRF:16
BRH:16
end_of_record
TN:
SF:controllers/WeddingController.js
FN:5,(anonymous_0)
FN:17,(anonymous_1)
FN:45,(anonymous_2)
FN:72,(anonymous_3)
FNF:4
FNH:4
FNDA:1,(anonymous_0)
FNDA:11,(anonymous_1)
FNDA:1,(anonymous_2)
FNDA:1,(anonymous_3)
DA:1,3
DA:2,3
DA:6,1
DA:7,1
DA:8,1
DA:11,1
DA:13,0
DA:18,11
DA:19,11
DA:20,11
DA:21,11
DA:23,0
DA:25,0
DA:37,0
DA:38,0
DA:39,0
DA:41,11
DA:46,1
DA:47,1
DA:48,1
DA:49,1
DA:51,0
DA:53,0
DA:63,0
DA:66,0
DA:68,1
DA:73,1
DA:74,1
DA:75,1
DA:76,1
DA:78,0
DA:83,3
LF:32
LH:21
BRDA:11,0,0,1
BRDA:11,0,1,1
BRDA:27,1,0,0
BRDA:27,1,1,0
BRDA:28,2,0,0
BRDA:28,2,1,0
BRDA:29,3,0,0
BRDA:29,3,1,0
BRDA:30,4,0,0
BRDA:30,4,1,0
BRDA:31,5,0,0
BRDA:31,5,1,0
BRDA:32,6,0,0
BRDA:32,6,1,0
BRDA:33,7,0,0
BRDA:33,7,1,0
BRDA:34,8,0,0
BRDA:34,8,1,0
BRDA:38,9,0,0
BRDA:38,9,1,0
BRDA:54,10,0,0
BRDA:54,10,1,0
BRDA:55,11,0,0
BRDA:55,11,1,0
BRDA:56,12,0,0
BRDA:56,12,1,0
BRDA:57,13,0,0
BRDA:57,13,1,0
BRDA:58,14,0,0
BRDA:58,14,1,0
BRDA:59,15,0,0
BRDA:59,15,1,0
BRDA:60,16,0,0
BRDA:60,16,1,0
BRDA:61,17,0,0
BRDA:61,17,1,0
BRF:36
BRH:2
end_of_record
TN:
SF:helpers/bcrypt.js
FN:3,(anonymous_0)
FN:9,(anonymous_1)
FNF:2
FNH:2
FNDA:10,(anonymous_0)
FNDA:2,(anonymous_1)
DA:1,3
DA:3,3
DA:4,10
DA:5,10
DA:6,10
DA:9,3
DA:10,2
DA:11,2
DA:14,3
LF:9
LH:9
BRF:0
BRH:0
end_of_record
TN:
SF:helpers/cloudinary.js
FNF:0
FNH:0
DA:1,3
DA:2,3
DA:8,3
LF:3
LH:3
BRF:0
BRH:0
end_of_record
TN:
SF:helpers/jwt.js
FN:4,(anonymous_0)
FN:9,(anonymous_1)
FNF:2
FNH:2
FNDA:5,(anonymous_0)
FNDA:51,(anonymous_1)
DA:1,3
DA:2,3
DA:4,3
DA:5,5
DA:6,5
DA:9,3
DA:10,51
DA:11,42
DA:14,3
LF:9
LH:9
BRF:0
BRH:0
end_of_record
TN:
SF:middlewares/auth.js
FN:4,authentication
FN:21,(anonymous_1)
FN:42,(anonymous_2)
FN:63,(anonymous_3)
FNF:4
FNH:3
FNDA:51,authentication
FNDA:9,(anonymous_1)
FNDA:8,(anonymous_2)
FNDA:0,(anonymous_3)
DA:1,3
DA:2,3
DA:5,51
DA:6,51
DA:7,42
DA:10,42
DA:11,9
DA:13,33
DA:14,33
DA:17,9
DA:21,3
DA:22,9
DA:23,9
DA:24,9
DA:25,9
DA:28,9
DA:29,6
DA:30,3
DA:32,3
DA:35,3
DA:38,0
DA:42,3
DA:43,8
DA:44,8
DA:45,8
DA:46,8
DA:49,8
DA:50,6
DA:51,4
DA:53,2
DA:56,2
DA:59,0
DA:63,3
DA:64,0
DA:65,0
DA:66,0
DA:67,0
DA:70,0
DA:73,0
DA:74,0
DA:75,0
DA:77,0
DA:80,0
DA:83,0
DA:87,3
LF:45
LH:32
BRDA:10,0,0,9
BRDA:10,0,1,33
BRDA:28,1,0,6
BRDA:28,1,1,3
BRDA:29,2,0,3
BRDA:29,2,1,3
BRDA:49,3,0,6
BRDA:49,3,1,2
BRDA:50,4,0,4
BRDA:50,4,1,2
BRDA:73,5,0,0
BRDA:73,5,1,0
BRDA:74,6,0,0
BRDA:74,6,1,0
BRF:14
BRH:10
end_of_record
TN:
SF:middlewares/errorHandler.js
FN:1,(anonymous_0)
FN:2,(anonymous_1)
FN:12,(anonymous_2)
FN:15,(anonymous_3)
FNF:4
FNH:3
FNDA:54,(anonymous_0)
FNDA:33,(anonymous_1)
FNDA:18,(anonymous_2)
FNDA:0,(anonymous_3)
DA:1,3
DA:2,54
DA:3,33
DA:9,54
DA:10,54
DA:12,18
DA:13,9
DA:15,0
DA:16,0
DA:18,5
DA:19,5
DA:21,9
DA:22,9
DA:24,5
DA:25,5
DA:27,0
DA:28,0
DA:30,0
DA:31,0
DA:33,5
DA:34,5
DA:36,21
DA:40,21
DA:45,3
LF:24
LH:18
BRDA:9,0,0,54
BRDA:9,0,1,0
BRDA:10,1,0,9
BRDA:10,1,1,0
BRDA:10,1,2,5
BRDA:10,1,3,9
BRDA:10,1,4,5
BRDA:10,1,5,0
BRDA:10,1,6,0
BRDA:10,1,7,5
BRDA:10,1,8,21
BRF:11
BRH:7
end_of_record
TN:
SF:models/comment.js
FN:5,(anonymous_0)
FN:12,(anonymous_1)
FNF:2
FNH:2
FNDA:3,(anonymous_0)
FNDA:3,(anonymous_1)
DA:4,3
DA:5,3
DA:14,3
DA:17,3
DA:26,3
LF:5
LH:5
BRF:0
BRH:0
end_of_record
TN:
SF:models/guest.js
FN:5,(anonymous_0)
FN:12,(anonymous_1)
FNF:2
FNH:2
FNDA:3,(anonymous_0)
FNDA:3,(anonymous_1)
DA:4,3
DA:5,3
DA:14,3
DA:17,3
DA:42,3
LF:5
LH:5
BRF:0
BRH:0
end_of_record
TN:
SF:models/index.js
FN:20,(anonymous_0)
FN:23,(anonymous_1)
FN:28,(anonymous_2)
FNF:3
FNH:3
FNDA:18,(anonymous_0)
FNDA:15,(anonymous_1)
FNDA:15,(anonymous_2)
DA:3,3
DA:4,3
DA:5,3
DA:6,3
DA:7,3
DA:8,3
DA:9,3
DA:12,3
DA:13,0
DA:15,3
DA:18,3
DA:21,18
DA:24,15
DA:25,15
DA:28,3
DA:29,15
DA:30,15
DA:34,3
DA:35,3
DA:37,3
LF:20
LH:19
BRDA:7,0,0,3
BRDA:7,0,1,0
BRDA:12,1,0,0
BRDA:12,1,1,3
BRDA:21,2,0,18
BRDA:21,2,1,18
BRDA:21,2,2,15
BRDA:29,3,0,15
BRDA:29,3,1,0
BRF:9
BRH:6
end_of_record
TN:
SF:models/invitation.js
FN:5,(anonymous_0)
FN:12,(anonymous_1)
FNF:2
FNH:2
FNDA:3,(anonymous_0)
FNDA:3,(anonymous_1)
DA:4,3
DA:5,3
DA:14,3
DA:17,3
DA:35,3
LF:5
LH:5
BRF:0
BRH:0
end_of_record
TN:
SF:models/user.js
FN:6,(anonymous_0)
FN:13,(anonymous_1)
FN:64,(anonymous_2)
FNF:3
FNH:3
FNDA:3,(anonymous_0)
FNDA:3,(anonymous_1)
FNDA:1,(anonymous_2)
DA:4,3
DA:5,3
DA:6,3
DA:15,3
DA:16,3
DA:17,3
DA:20,3
DA:65,1
DA:69,3
LF:9
LH:9
BRF:0
BRH:0
end_of_record
TN:
SF:models/wedding.js
FN:5,(anonymous_0)
FN:12,(anonymous_1)
FN:29,(anonymous_2)
FNF:3
FNH:2
FNDA:3,(anonymous_0)
FNDA:3,(anonymous_1)
FNDA:0,(anonymous_2)
DA:4,3
DA:5,3
DA:14,3
DA:15,3
DA:18,3
DA:30,0
DA:31,0
DA:32,0
DA:33,0
DA:35,0
DA:37,0
DA:38,0
DA:40,0
DA:41,0
DA:82,3
LF:15
LH:6
BRDA:40,0,0,0
BRDA:40,0,1,0
BRF:2
BRH:0
end_of_record
TN:
SF:routes/auth.js
FNF:0
FNH:0
DA:1,3
DA:2,3
DA:4,3
DA:5,3
DA:7,3
LF:5
LH:5
BRF:0
BRH:0
end_of_record
TN:
SF:routes/comment.js
FNF:0
FNH:0
DA:1,3
DA:2,3
DA:4,3
DA:5,3
DA:7,3
LF:5
LH:5
BRF:0
BRH:0
end_of_record
TN:
SF:routes/guest.js
FNF:0
FNH:0
DA:1,3
DA:2,3
DA:3,3
DA:5,3
DA:6,3
DA:7,3
DA:8,3
DA:9,3
DA:10,3
DA:12,3
LF:10
LH:10
BRF:0
BRH:0
end_of_record
TN:
SF:routes/index.js
FNF:0
FNH:0
DA:1,3
DA:2,3
DA:3,3
DA:4,3
DA:5,3
DA:6,3
DA:7,3
DA:9,3
DA:10,3
DA:11,3
DA:12,3
DA:13,3
DA:14,3
DA:16,3
LF:14
LH:14
BRF:0
BRH:0
end_of_record
TN:
SF:routes/invitation.js
FNF:0
FNH:0
DA:1,3
DA:2,3
DA:4,3
DA:6,3
DA:7,3
DA:10,3
LF:6
LH:6
BRF:0
BRH:0
end_of_record
TN:
SF:routes/wedding.js
FNF:0
FNH:0
DA:1,3
DA:2,3
DA:3,3
DA:5,3
DA:6,3
DA:7,3
DA:8,3
DA:9,3
DA:11,3
LF:9
LH:9
BRF:0
BRH:0
end_of_record
